Log file open, 06/16/24 20:24:29
LogWindows: Failed to load 'aqProf.dll' (GetLastError=126)
LogWindows: File 'aqProf.dll' does not exist
LogWindows: Failed to load 'VtuneApi.dll' (GetLastError=126)
LogWindows: File 'VtuneApi.dll' does not exist
LogWindows: Failed to load 'VtuneApi32e.dll' (GetLastError=126)
LogWindows: File 'VtuneApi32e.dll' does not exist
LogConsoleResponse: Display: Failed to find resolution value strings in scalability ini. Falling back to default.
LogInit: Display: Running engine for game: TPS
LogPlatformFile: Not using cached read wrapper
LogTaskGraph: Started task graph with 5 named threads and 47 total threads with 3 sets of task threads.
LogStats: Stats thread started at 0.068815
LogD3D11RHI: Loaded GFSDK_Aftermath_Lib.x64.dll
LogICUInternationalization: ICU TimeZone Detection - Raw Offset: +8:00, Platform Override: ''
LogPluginManager: Mounting plugin Paper2D
LogPluginManager: Mounting plugin AISupport
LogPluginManager: Mounting plugin LightPropagationVolume
LogPluginManager: Mounting plugin ActorLayerUtilities
LogPluginManager: Mounting plugin AnimationSharing
LogPluginManager: Mounting plugin CLionSourceCodeAccess
LogPluginManager: Mounting plugin CodeLiteSourceCodeAccess
LogPluginManager: Mounting plugin GitSourceControl
LogPluginManager: Mounting plugin KDevelopSourceCodeAccess
LogPluginManager: Mounting plugin NullSourceCodeAccess
LogPluginManager: Mounting plugin PerforceSourceControl
LogPluginManager: Mounting plugin PlasticSourceControl
LogPluginManager: Mounting plugin SubversionSourceControl
LogPluginManager: Mounting plugin UObjectPlugin
LogPluginManager: Mounting plugin VisualStudioCodeSourceCodeAccess
LogPluginManager: Mounting plugin VisualStudioSourceCodeAccess
LogPluginManager: Mounting plugin XCodeSourceCodeAccess
LogPluginManager: Mounting plugin AssetManagerEditor
LogPluginManager: Mounting plugin CryptoKeys
LogPluginManager: Mounting plugin CurveEditorTools
LogPluginManager: Mounting plugin DataValidation
LogPluginManager: Mounting plugin FacialAnimation
LogPluginManager: Mounting plugin GameplayTagsEditor
LogPluginManager: Mounting plugin MacGraphicsSwitching
LogPluginManager: Mounting plugin MaterialAnalyzer
LogPluginManager: Mounting plugin MobileLauncherProfileWizard
LogPluginManager: Mounting plugin PluginBrowser
LogPluginManager: Mounting plugin SpeedTreeImporter
LogPluginManager: Mounting plugin DatasmithContent
LogPluginManager: Mounting plugin VariantManagerContent
LogPluginManager: Mounting plugin AlembicImporter
LogPluginManager: Mounting plugin AutomationUtils
LogPluginManager: Mounting plugin BackChannel
LogPluginManager: Mounting plugin CharacterAI
LogPluginManager: Mounting plugin GeometryCache
LogPluginManager: Mounting plugin PlatformCrypto
LogPluginManager: Mounting plugin ProxyLODPlugin
LogPluginManager: Mounting plugin SkeletalReduction
LogPluginManager: Mounting plugin MagicLeap
LogPluginManager: Mounting plugin MagicLeapMedia
LogPluginManager: Mounting plugin MLSDK
LogPluginManager: Mounting plugin AndroidMedia
LogPluginManager: Mounting plugin AvfMedia
LogPluginManager: Mounting plugin ImgMedia
LogPluginManager: Mounting plugin MediaCompositing
LogPluginManager: Mounting plugin MediaPlayerEditor
LogPluginManager: Mounting plugin WebMMedia
LogPluginManager: Mounting plugin WmfMedia
LogPluginManager: Mounting plugin TcpMessaging
LogPluginManager: Mounting plugin UdpMessaging
LogPluginManager: Mounting plugin ActorSequence
LogPluginManager: Mounting plugin LevelSequenceEditor
LogPluginManager: Mounting plugin MatineeToLevelSequence
LogPluginManager: Mounting plugin NetcodeUnitTest
LogPluginManager: Mounting plugin NUTUnrealEngine4
LogPluginManager: Mounting plugin OnlineSubsystemGooglePlay
LogPluginManager: Mounting plugin OnlineSubsystemIOS
LogPluginManager: Mounting plugin OnlineSubsystem
LogPluginManager: Mounting plugin OnlineSubsystemNull
LogPluginManager: Mounting plugin OnlineSubsystemUtils
LogPluginManager: Mounting plugin LauncherChunkInstaller
LogPluginManager: Mounting plugin AndroidDeviceProfileSelector
LogPluginManager: Mounting plugin AndroidMoviePlayer
LogPluginManager: Mounting plugin AndroidPermission
LogPluginManager: Mounting plugin AppleImageUtils
LogPluginManager: Mounting plugin AppleMoviePlayer
LogPluginManager: Mounting plugin ArchVisCharacter
LogPluginManager: Mounting plugin AssetTags
LogPluginManager: Mounting plugin AudioCapture
LogPluginManager: Mounting plugin CableComponent
LogPluginManager: Mounting plugin CustomMeshComponent
LogPluginManager: Mounting plugin EditableMesh
LogPluginManager: Mounting plugin ExampleDeviceProfileSelector
LogPluginManager: Mounting plugin GoogleCloudMessaging
LogPluginManager: Mounting plugin IOSDeviceProfileSelector
LogPluginManager: Mounting plugin LinuxDeviceProfileSelector
LogPluginManager: Mounting plugin LocationServicesBPLibrary
LogPluginManager: Mounting plugin MobilePatchingUtils
LogPluginManager: Mounting plugin OculusVR
LogPluginManager: Mounting plugin PhysXVehicles
LogPluginManager: Mounting plugin PostSplashScreen
LogPluginManager: Mounting plugin ProceduralMeshComponent
LogPluginManager: Mounting plugin RuntimePhysXCooking
LogPluginManager: Mounting plugin SignificanceManager
LogPluginManager: Mounting plugin SteamVR
LogPluginManager: Mounting plugin WebMMoviePlayer
LogPluginManager: Mounting plugin WindowsMoviePlayer
LogPluginManager: Mounting plugin ScreenshotTools
LogInit: Using libcurl 7.55.1-DEV
LogInit:  - built for x86_64-pc-win32
LogInit:  - supports SSL with OpenSSL/1.1.1
LogInit:  - supports HTTP deflate (compression) using libz 1.2.8
LogInit:  - other features:
LogInit:      CURL_VERSION_SSL
LogInit:      CURL_VERSION_LIBZ
LogInit:      CURL_VERSION_IPV6
LogInit:      CURL_VERSION_ASYNCHDNS
LogInit:      CURL_VERSION_LARGEFILE
LogInit:      CURL_VERSION_IDN
LogInit:  CurlRequestOptions (configurable via config and command line):
LogInit:  - bVerifyPeer = true  - Libcurl will verify peer certificate
LogInit:  - bUseHttpProxy = false  - Libcurl will NOT use HTTP proxy
LogInit:  - bDontReuseConnections = false  - Libcurl will reuse connections
LogInit:  - MaxHostConnections = 16  - Libcurl will limit the number of connections to a host
LogInit:  - LocalHostAddr = Default
LogInit:  - BufferSize = 65536
LogOnline: OSS: Creating online subsystem instance for: NULL
LogInit: WinSock: version 1.1 (2.2), MaxSocks=32767, MaxUdp=65467
LogOnline: OSS: TryLoadSubsystemAndSetDefault: Loaded subsystem for module [NULL]
LogInit: Build: ++UE4+Release-4.24-CL-11590370
LogInit: Engine Version: 4.24.3-11590370+++UE4+Release-4.24
LogInit: Compatible Engine Version: 4.24.0-10570792+++UE4+Release-4.24
LogInit: Net CL: 10570792
LogInit: OS: Windows 10 (Release 2009) (), CPU: AMD Ryzen 7 5800H with Radeon Graphics         , GPU: NVIDIA GeForce RTX 3070 Laptop GPU
LogInit: Compiled (64-bit): Feb 24 2020 15:39:18
LogInit: Compiled with Visual C++: 19.16.27032.01
LogInit: Build Configuration: Development
LogInit: Branch Name: ++UE4+Release-4.24
LogInit: Command Line: 
LogInit: Base Directory: E:/Epic Games/UE_4.24/Engine/Binaries/Win64/
LogInit: Installed Engine Build: 1
LogDevObjectVersion: Number of dev versions registered: 25
LogDevObjectVersion:   Dev-Blueprints (B0D832E4-1F89-4F0D-ACCF-7EB736FD4AA2): 10
LogDevObjectVersion:   Dev-Build (E1C64328-A22C-4D53-A36C-8E866417BD8C): 0
LogDevObjectVersion:   Dev-Core (375EC13C-06E4-48FB-B500-84F0262A717E): 3
LogDevObjectVersion:   Dev-Editor (E4B068ED-F494-42E9-A231-DA0B2E46BB41): 37
LogDevObjectVersion:   Dev-Framework (CFFC743F-43B0-4480-9391-14DF171D2073): 36
LogDevObjectVersion:   Dev-Mobile (B02B49B5-BB20-44E9-A304-32B752E40360): 2
LogDevObjectVersion:   Dev-Networking (A4E4105C-59A1-49B5-A7C5-40C4547EDFEE): 0
LogDevObjectVersion:   Dev-Online (39C831C9-5AE6-47DC-9A44-9C173E1C8E7C): 0
LogDevObjectVersion:   Dev-Physics (78F01B33-EBEA-4F98-B9B4-84EACCB95AA2): 2
LogDevObjectVersion:   Dev-Platform (6631380F-2D4D-43E0-8009-CF276956A95A): 0
LogDevObjectVersion:   Dev-Rendering (12F88B9F-8875-4AFC-A67C-D90C383ABD29): 36
LogDevObjectVersion:   Dev-Sequencer (7B5AE74C-D270-4C10-A958-57980B212A5A): 11
LogDevObjectVersion:   Dev-VR (D7296918-1DD6-4BDD-9DE2-64A83CC13884): 2
LogDevObjectVersion:   Dev-LoadTimes (C2A15278-BFE7-4AFE-6C17-90FF531DF755): 1
LogDevObjectVersion:   Private-Geometry (6EACA3D4-40EC-4CC1-B786-8BED09428FC5): 3
LogDevObjectVersion:   Dev-AnimPhys (29E575DD-E0A3-4627-9D10-D276232CDCEA): 17
LogDevObjectVersion:   Dev-Anim (AF43A65D-7FD3-4947-9873-3E8ED9C1BB05): 2
LogDevObjectVersion:   Dev-ReflectionCapture (6B266CEC-1EC7-4B8F-A30B-E4D90942FC07): 1
LogDevObjectVersion:   Dev-Automation (0DF73D61-A23F-47EA-B727-89E90C41499A): 1
LogDevObjectVersion:   FortniteMain (601D1886-AC64-4F84-AA16-D3DE0DEAC7D6): 31
LogDevObjectVersion:   Dev-Enterprise (9DFFBCD6-494F-0158-E221-12823C92A888): 8
LogDevObjectVersion:   Dev-Niagara (F2AED0AC-9AFE-416F-8664-AA7FFA26D6FC): 1
LogDevObjectVersion:   Dev-Destruction (174F1F0B-B4C6-45A5-B13F-2EE8D0FB917D): 9
LogDevObjectVersion:   Dev-Physics-Ext (35F94A83-E258-406C-A318-09F59610247C): 8
LogDevObjectVersion:   Dev-CineCamera (B2E18506-4273-CFC2-A54E-F4BB758BBA07): 1
LogInit: Presizing for max 25165824 objects, including 0 objects not considered by GC, pre-allocating 0 bytes for permanent pool.
LogInit: Object subsystem initialized
LogConfig: Setting CVar [[con.DebugEarlyDefault:1]]
LogConfig: Setting CVar [[r.setres:1280x720]]
[2024.06.16-12.24.30:033][  0]LogConfig: Setting CVar [[r.VSync:0]]
[2024.06.16-12.24.30:033][  0]LogConfig: Setting CVar [[r.RHICmdBypass:0]]
[2024.06.16-12.24.30:033][  0]LogConfig: Applying CVar settings from Section [/Script/Engine.RendererSettings] File [E:/UE project RE/TPS/Saved/Config/Windows/Engine.ini]
[2024.06.16-12.24.30:033][  0]LogConfig: Setting CVar [[r.GPUCrashDebugging:0]]
[2024.06.16-12.24.30:033][  0]LogConfig: Applying CVar settings from Section [/Script/Engine.RendererOverrideSettings] File [E:/UE project RE/TPS/Saved/Config/Windows/Engine.ini]
[2024.06.16-12.24.30:033][  0]LogConfig: Applying CVar settings from Section [/Script/Engine.StreamingSettings] File [E:/UE project RE/TPS/Saved/Config/Windows/Engine.ini]
[2024.06.16-12.24.30:033][  0]LogConfig: Setting CVar [[s.MinBulkDataSizeForAsyncLoading:131072]]
[2024.06.16-12.24.30:033][  0]LogConfig: Setting CVar [[s.AsyncLoadingThreadEnabled:0]]
[2024.06.16-12.24.30:033][  0]LogConfig: Setting CVar [[s.EventDrivenLoaderEnabled:1]]
[2024.06.16-12.24.30:033][  0]LogConfig: Setting CVar [[s.WarnIfTimeLimitExceeded:0]]
[2024.06.16-12.24.30:033][  0]LogConfig: Setting CVar [[s.TimeLimitExceededMultiplier:1.5]]
[2024.06.16-12.24.30:033][  0]LogConfig: Setting CVar [[s.TimeLimitExceededMinTime:0.005]]
[2024.06.16-12.24.30:033][  0]LogConfig: Setting CVar [[s.UseBackgroundLevelStreaming:1]]
[2024.06.16-12.24.30:033][  0]LogConfig: Setting CVar [[s.PriorityAsyncLoadingExtraTime:15.0]]
[2024.06.16-12.24.30:033][  0]LogConfig: Setting CVar [[s.LevelStreamingActorsUpdateTimeLimit:5.0]]
[2024.06.16-12.24.30:033][  0]LogConfig: Setting CVar [[s.PriorityLevelStreamingActorsUpdateExtraTime:5.0]]
[2024.06.16-12.24.30:033][  0]LogConfig: Setting CVar [[s.LevelStreamingComponentsRegistrationGranularity:10]]
[2024.06.16-12.24.30:033][  0]LogConfig: Setting CVar [[s.UnregisterComponentsTimeLimit:1.0]]
[2024.06.16-12.24.30:033][  0]LogConfig: Setting CVar [[s.LevelStreamingComponentsUnregistrationGranularity:5]]
[2024.06.16-12.24.30:033][  0]LogConfig: Setting CVar [[s.FlushStreamingOnExit:1]]
[2024.06.16-12.24.30:033][  0]LogConfig: Applying CVar settings from Section [/Script/Engine.GarbageCollectionSettings] File [E:/UE project RE/TPS/Saved/Config/Windows/Engine.ini]
[2024.06.16-12.24.30:033][  0]LogConfig: Setting CVar [[gc.MaxObjectsNotConsideredByGC:1]]
[2024.06.16-12.24.30:033][  0]LogConfig: Setting CVar [[gc.SizeOfPermanentObjectPool:0]]
[2024.06.16-12.24.30:033][  0]LogConfig: Setting CVar [[gc.FlushStreamingOnGC:0]]
[2024.06.16-12.24.30:033][  0]LogConfig: Setting CVar [[gc.NumRetriesBeforeForcingGC:10]]
[2024.06.16-12.24.30:033][  0]LogConfig: Setting CVar [[gc.AllowParallelGC:1]]
[2024.06.16-12.24.30:033][  0]LogConfig: Setting CVar [[gc.TimeBetweenPurgingPendingKillObjects:61.1]]
[2024.06.16-12.24.30:033][  0]LogConfig: Setting CVar [[gc.MaxObjectsInEditor:25165824]]
[2024.06.16-12.24.30:033][  0]LogConfig: Setting CVar [[gc.IncrementalBeginDestroyEnabled:1]]
[2024.06.16-12.24.30:033][  0]LogConfig: Setting CVar [[gc.CreateGCClusters:1]]
[2024.06.16-12.24.30:033][  0]LogConfig: Setting CVar [[gc.MinGCClusterSize:5]]
[2024.06.16-12.24.30:033][  0]LogConfig: Setting CVar [[gc.ActorClusteringEnabled:0]]
[2024.06.16-12.24.30:033][  0]LogConfig: Setting CVar [[gc.BlueprintClusteringEnabled:0]]
[2024.06.16-12.24.30:033][  0]LogConfig: Setting CVar [[gc.UseDisregardForGCOnDedicatedServers:0]]
[2024.06.16-12.24.30:033][  0]LogConfig: Applying CVar settings from Section [/Script/Engine.NetworkSettings] File [E:/UE project RE/TPS/Saved/Config/Windows/Engine.ini]
[2024.06.16-12.24.30:033][  0]LogConfig: Applying CVar settings from Section [/Script/UnrealEd.CookerSettings] File [E:/UE project RE/TPS/Saved/Config/Windows/Engine.ini]
[2024.06.16-12.24.30:035][  0]LogConfig: Applying CVar settings from Section [ViewDistanceQuality@3] File [E:/UE project RE/TPS/Saved/Config/Windows/Scalability.ini]
[2024.06.16-12.24.30:035][  0]LogConfig: Setting CVar [[r.SkeletalMeshLODBias:0]]
[2024.06.16-12.24.30:035][  0]LogConfig: Setting CVar [[r.ViewDistanceScale:1.0]]
[2024.06.16-12.24.30:035][  0]LogConfig: Applying CVar settings from Section [AntiAliasingQuality@3] File [E:/UE project RE/TPS/Saved/Config/Windows/Scalability.ini]
[2024.06.16-12.24.30:035][  0]LogConfig: Setting CVar [[r.PostProcessAAQuality:4]]
[2024.06.16-12.24.30:035][  0]LogConfig: Applying CVar settings from Section [ShadowQuality@3] File [E:/UE project RE/TPS/Saved/Config/Windows/Scalability.ini]
[2024.06.16-12.24.30:035][  0]LogConfig: Setting CVar [[r.LightFunctionQuality:1]]
[2024.06.16-12.24.30:035][  0]LogConfig: Setting CVar [[r.ShadowQuality:5]]
[2024.06.16-12.24.30:035][  0]LogConfig: Setting CVar [[r.Shadow.CSM.MaxCascades:10]]
[2024.06.16-12.24.30:035][  0]LogConfig: Setting CVar [[r.Shadow.MaxResolution:2048]]
[2024.06.16-12.24.30:035][  0]LogConfig: Setting CVar [[r.Shadow.MaxCSMResolution:2048]]
[2024.06.16-12.24.30:035][  0]LogConfig: Setting CVar [[r.Shadow.RadiusThreshold:0.01]]
[2024.06.16-12.24.30:035][  0]LogConfig: Setting CVar [[r.Shadow.DistanceScale:1.0]]
[2024.06.16-12.24.30:035][  0]LogConfig: Setting CVar [[r.Shadow.CSM.TransitionScale:1.0]]
[2024.06.16-12.24.30:035][  0]LogConfig: Setting CVar [[r.Shadow.PreShadowResolutionFactor:1.0]]
[2024.06.16-12.24.30:035][  0]LogConfig: Setting CVar [[r.DistanceFieldShadowing:1]]
[2024.06.16-12.24.30:035][  0]LogConfig: Setting CVar [[r.DistanceFieldAO:1]]
[2024.06.16-12.24.30:035][  0]LogConfig: Setting CVar [[r.AOQuality:2]]
[2024.06.16-12.24.30:035][  0]LogConfig: Setting CVar [[r.VolumetricFog:1]]
[2024.06.16-12.24.30:035][  0]LogConfig: Setting CVar [[r.VolumetricFog.GridPixelSize:8]]
[2024.06.16-12.24.30:035][  0]LogConfig: Setting CVar [[r.VolumetricFog.GridSizeZ:128]]
[2024.06.16-12.24.30:035][  0]LogConfig: Setting CVar [[r.VolumetricFog.HistoryMissSupersampleCount:4]]
[2024.06.16-12.24.30:035][  0]LogConfig: Setting CVar [[r.LightMaxDrawDistanceScale:1]]
[2024.06.16-12.24.30:035][  0]LogConfig: Setting CVar [[r.CapsuleShadows:1]]
[2024.06.16-12.24.30:035][  0]LogConfig: Applying CVar settings from Section [PostProcessQuality@3] File [E:/UE project RE/TPS/Saved/Config/Windows/Scalability.ini]
[2024.06.16-12.24.30:035][  0]LogConfig: Setting CVar [[r.MotionBlurQuality:4]]
[2024.06.16-12.24.30:035][  0]LogConfig: Setting CVar [[r.AmbientOcclusionMipLevelFactor:0.4]]
[2024.06.16-12.24.30:035][  0]LogConfig: Setting CVar [[r.AmbientOcclusionMaxQuality:100]]
[2024.06.16-12.24.30:035][  0]LogConfig: Setting CVar [[r.AmbientOcclusionLevels:-1]]
[2024.06.16-12.24.30:035][  0]LogConfig: Setting CVar [[r.AmbientOcclusionRadiusScale:1.0]]
[2024.06.16-12.24.30:035][  0]LogConfig: Setting CVar [[r.DepthOfFieldQuality:2]]
[2024.06.16-12.24.30:035][  0]LogConfig: Setting CVar [[r.RenderTargetPoolMin:400]]
[2024.06.16-12.24.30:035][  0]LogConfig: Setting CVar [[r.LensFlareQuality:2]]
[2024.06.16-12.24.30:035][  0]LogConfig: Setting CVar [[r.SceneColorFringeQuality:1]]
[2024.06.16-12.24.30:035][  0]LogConfig: Setting CVar [[r.EyeAdaptationQuality:2]]
[2024.06.16-12.24.30:035][  0]LogConfig: Setting CVar [[r.BloomQuality:5]]
[2024.06.16-12.24.30:035][  0]LogConfig: Setting CVar [[r.FastBlurThreshold:100]]
[2024.06.16-12.24.30:035][  0]LogConfig: Setting CVar [[r.Upscale.Quality:3]]
[2024.06.16-12.24.30:035][  0]LogConfig: Setting CVar [[r.Tonemapper.GrainQuantization:1]]
[2024.06.16-12.24.30:035][  0]LogConfig: Setting CVar [[r.LightShaftQuality:1]]
[2024.06.16-12.24.30:035][  0]LogConfig: Setting CVar [[r.Filter.SizeScale:1]]
[2024.06.16-12.24.30:035][  0]LogConfig: Setting CVar [[r.Tonemapper.Quality:5]]
[2024.06.16-12.24.30:035][  0]LogConfig: Setting CVar [[r.DOF.Gather.AccumulatorQuality:1        ; higher gathering accumulator quality]]
[2024.06.16-12.24.30:035][  0]LogConfig: Setting CVar [[r.DOF.Gather.PostfilterMethod:1          ; Median3x3 postfilering method]]
[2024.06.16-12.24.30:035][  0]LogConfig: Setting CVar [[r.DOF.Gather.EnableBokehSettings:0       ; no bokeh simulation when gathering]]
[2024.06.16-12.24.30:035][  0]LogConfig: Setting CVar [[r.DOF.Gather.RingCount:4                 ; medium number of samples when gathering]]
[2024.06.16-12.24.30:035][  0]LogConfig: Setting CVar [[r.DOF.Scatter.ForegroundCompositing:1    ; additive foreground scattering]]
[2024.06.16-12.24.30:035][  0]LogConfig: Setting CVar [[r.DOF.Scatter.BackgroundCompositing:2    ; additive background scattering]]
[2024.06.16-12.24.30:035][  0]LogConfig: Setting CVar [[r.DOF.Scatter.EnableBokehSettings:1      ; bokeh simulation when scattering]]
[2024.06.16-12.24.30:035][  0]LogConfig: Setting CVar [[r.DOF.Scatter.MaxSpriteRatio:0.1         ; only a maximum of 10% of scattered bokeh]]
[2024.06.16-12.24.30:035][  0]LogConfig: Setting CVar [[r.DOF.Recombine.Quality:1                ; cheap slight out of focus]]
[2024.06.16-12.24.30:035][  0]LogConfig: Setting CVar [[r.DOF.Recombine.EnableBokehSettings:0    ; no bokeh simulation on slight out of focus]]
[2024.06.16-12.24.30:035][  0]LogConfig: Setting CVar [[r.DOF.TemporalAAQuality:1                ; more stable temporal accumulation]]
[2024.06.16-12.24.30:035][  0]LogConfig: Setting CVar [[r.DOF.Kernel.MaxForegroundRadius:0.025]]
[2024.06.16-12.24.30:035][  0]LogConfig: Setting CVar [[r.DOF.Kernel.MaxBackgroundRadius:0.025]]
[2024.06.16-12.24.30:035][  0]LogConfig: Applying CVar settings from Section [TextureQuality@3] File [E:/UE project RE/TPS/Saved/Config/Windows/Scalability.ini]
[2024.06.16-12.24.30:035][  0]LogConfig: Setting CVar [[r.Streaming.MipBias:0]]
[2024.06.16-12.24.30:035][  0]LogConfig: Setting CVar [[r.Streaming.AmortizeCPUToGPUCopy:0]]
[2024.06.16-12.24.30:035][  0]LogConfig: Setting CVar [[r.Streaming.MaxNumTexturesToStreamPerFrame:0]]
[2024.06.16-12.24.30:035][  0]LogConfig: Setting CVar [[r.Streaming.Boost:1]]
[2024.06.16-12.24.30:036][  0]LogConfig: Setting CVar [[r.MaxAnisotropy:8]]
[2024.06.16-12.24.30:036][  0]LogConfig: Setting CVar [[r.VT.MaxAnisotropy:8]]
[2024.06.16-12.24.30:036][  0]LogConfig: Setting CVar [[r.Streaming.LimitPoolSizeToVRAM:0]]
[2024.06.16-12.24.30:036][  0]LogConfig: Setting CVar [[r.Streaming.PoolSize:1000]]
[2024.06.16-12.24.30:036][  0]LogConfig: Setting CVar [[r.Streaming.MaxEffectiveScreenSize:0]]
[2024.06.16-12.24.30:036][  0]LogConfig: Applying CVar settings from Section [EffectsQuality@3] File [E:/UE project RE/TPS/Saved/Config/Windows/Scalability.ini]
[2024.06.16-12.24.30:036][  0]LogConfig: Setting CVar [[r.TranslucencyLightingVolumeDim:64]]
[2024.06.16-12.24.30:036][  0]LogConfig: Setting CVar [[r.RefractionQuality:2]]
[2024.06.16-12.24.30:036][  0]LogConfig: Setting CVar [[r.SSR.Quality:3]]
[2024.06.16-12.24.30:036][  0]LogConfig: Setting CVar [[r.SSR.HalfResSceneColor:0]]
[2024.06.16-12.24.30:036][  0]LogConfig: Setting CVar [[r.SceneColorFormat:4]]
[2024.06.16-12.24.30:036][  0]LogConfig: Setting CVar [[r.DetailMode:2]]
[2024.06.16-12.24.30:036][  0]LogConfig: Setting CVar [[r.TranslucencyVolumeBlur:1]]
[2024.06.16-12.24.30:036][  0]LogConfig: Setting CVar [[r.MaterialQualityLevel:1 ; High quality]]
[2024.06.16-12.24.30:036][  0]LogConfig: Setting CVar [[r.SSS.Scale:1]]
[2024.06.16-12.24.30:036][  0]LogConfig: Setting CVar [[r.SSS.SampleSet:2]]
[2024.06.16-12.24.30:036][  0]LogConfig: Setting CVar [[r.SSS.Quality:1]]
[2024.06.16-12.24.30:036][  0]LogConfig: Setting CVar [[r.SSS.HalfRes:1]]
[2024.06.16-12.24.30:036][  0]LogConfig: Setting CVar [[r.SSGI.Quality:3]]
[2024.06.16-12.24.30:036][  0]LogConfig: Setting CVar [[r.EmitterSpawnRateScale:1.0]]
[2024.06.16-12.24.30:036][  0]LogConfig: Setting CVar [[r.ParticleLightQuality:2]]
[2024.06.16-12.24.30:036][  0]LogConfig: Setting CVar [[r.SkyAtmosphere.AerialPerspectiveLUT.FastApplyOnOpaque:1 ; Always have FastSkyLUT 1 in this case to avoid wrong sky]]
[2024.06.16-12.24.30:036][  0]LogConfig: Setting CVar [[r.SkyAtmosphere.AerialPerspectiveLUT.SampleCountPerSlice:1]]
[2024.06.16-12.24.30:036][  0]LogConfig: Setting CVar [[r.SkyAtmosphere.AerialPerspectiveLUT.DepthResolution:16.0]]
[2024.06.16-12.24.30:036][  0]LogConfig: Setting CVar [[r.SkyAtmosphere.FastSkyLUT:1]]
[2024.06.16-12.24.30:036][  0]LogConfig: Setting CVar [[r.SkyAtmosphere.FastSkyLUT.SampleCountMin:4.0]]
[2024.06.16-12.24.30:036][  0]LogConfig: Setting CVar [[r.SkyAtmosphere.FastSkyLUT.SampleCountMax:32.0]]
[2024.06.16-12.24.30:036][  0]LogConfig: Setting CVar [[r.SkyAtmosphere.SampleCountMin:4.0]]
[2024.06.16-12.24.30:036][  0]LogConfig: Setting CVar [[r.SkyAtmosphere.SampleCountMax:32.0]]
[2024.06.16-12.24.30:036][  0]LogConfig: Setting CVar [[r.SkyAtmosphere.TransmittanceLUT.UseSmallFormat:0]]
[2024.06.16-12.24.30:036][  0]LogConfig: Setting CVar [[r.SkyAtmosphere.TransmittanceLUT.SampleCount:10.0]]
[2024.06.16-12.24.30:036][  0]LogConfig: Setting CVar [[r.SkyAtmosphere.MultiScatteringLUT.SampleCount:15.0]]
[2024.06.16-12.24.30:036][  0]LogConfig: Applying CVar settings from Section [FoliageQuality@3] File [E:/UE project RE/TPS/Saved/Config/Windows/Scalability.ini]
[2024.06.16-12.24.30:036][  0]LogConfig: Setting CVar [[foliage.DensityScale:1.0]]
[2024.06.16-12.24.30:036][  0]LogConfig: Setting CVar [[grass.DensityScale:1.0]]
[2024.06.16-12.24.30:036][  0]LogConfig: Applying CVar settings from Section [ShadingQuality@3] File [E:/UE project RE/TPS/Saved/Config/Windows/Scalability.ini]
[2024.06.16-12.24.30:036][  0]LogConfig: Setting CVar [[r.HairStrands.SkyLighting.SampleCount:16]]
[2024.06.16-12.24.30:036][  0]LogConfig: Setting CVar [[r.HairStrands.SkyLighting.JitterIntegration:0]]
[2024.06.16-12.24.30:036][  0]LogConfig: Setting CVar [[r.HairStrands.SkyAO.SampleCount:16]]
[2024.06.16-12.24.30:036][  0]LogInit: Selected Device Profile: [Windows]
[2024.06.16-12.24.30:036][  0]LogInit: Applying CVar settings loaded from the selected device profile: [Windows]
[2024.06.16-12.24.30:038][  0]LogHAL: Display: Platform has ~ 16 GB [17024741376 / 17179869184 / 16], which maps to Larger [LargestMinGB=32, LargerMinGB=12, DefaultMinGB=8, SmallerMinGB=6, SmallestMinGB=0)
[2024.06.16-12.24.30:038][  0]LogInit: Going up to parent DeviceProfile []
[2024.06.16-12.24.30:038][  0]LogConfig: Applying CVar settings from Section [ViewDistanceQuality@3] File [E:/UE project RE/TPS/Saved/Config/Windows/Scalability.ini]
[2024.06.16-12.24.30:038][  0]LogConfig: Setting CVar [[r.SkeletalMeshLODBias:0]]
[2024.06.16-12.24.30:038][  0]LogConfig: Setting CVar [[r.ViewDistanceScale:1.0]]
[2024.06.16-12.24.30:038][  0]LogConfig: Applying CVar settings from Section [AntiAliasingQuality@3] File [E:/UE project RE/TPS/Saved/Config/Windows/Scalability.ini]
[2024.06.16-12.24.30:038][  0]LogConfig: Setting CVar [[r.PostProcessAAQuality:4]]
[2024.06.16-12.24.30:038][  0]LogConfig: Applying CVar settings from Section [ShadowQuality@3] File [E:/UE project RE/TPS/Saved/Config/Windows/Scalability.ini]
[2024.06.16-12.24.30:038][  0]LogConfig: Setting CVar [[r.LightFunctionQuality:1]]
[2024.06.16-12.24.30:038][  0]LogConfig: Setting CVar [[r.ShadowQuality:5]]
[2024.06.16-12.24.30:038][  0]LogConfig: Setting CVar [[r.Shadow.CSM.MaxCascades:10]]
[2024.06.16-12.24.30:038][  0]LogConfig: Setting CVar [[r.Shadow.MaxResolution:2048]]
[2024.06.16-12.24.30:038][  0]LogConfig: Setting CVar [[r.Shadow.MaxCSMResolution:2048]]
[2024.06.16-12.24.30:038][  0]LogConfig: Setting CVar [[r.Shadow.RadiusThreshold:0.01]]
[2024.06.16-12.24.30:038][  0]LogConfig: Setting CVar [[r.Shadow.DistanceScale:1.0]]
[2024.06.16-12.24.30:038][  0]LogConfig: Setting CVar [[r.Shadow.CSM.TransitionScale:1.0]]
[2024.06.16-12.24.30:038][  0]LogConfig: Setting CVar [[r.Shadow.PreShadowResolutionFactor:1.0]]
[2024.06.16-12.24.30:038][  0]LogConfig: Setting CVar [[r.DistanceFieldShadowing:1]]
[2024.06.16-12.24.30:038][  0]LogConfig: Setting CVar [[r.DistanceFieldAO:1]]
[2024.06.16-12.24.30:038][  0]LogConfig: Setting CVar [[r.AOQuality:2]]
[2024.06.16-12.24.30:038][  0]LogConfig: Setting CVar [[r.VolumetricFog:1]]
[2024.06.16-12.24.30:038][  0]LogConfig: Setting CVar [[r.VolumetricFog.GridPixelSize:8]]
[2024.06.16-12.24.30:038][  0]LogConfig: Setting CVar [[r.VolumetricFog.GridSizeZ:128]]
[2024.06.16-12.24.30:038][  0]LogConfig: Setting CVar [[r.VolumetricFog.HistoryMissSupersampleCount:4]]
[2024.06.16-12.24.30:038][  0]LogConfig: Setting CVar [[r.LightMaxDrawDistanceScale:1]]
[2024.06.16-12.24.30:038][  0]LogConfig: Setting CVar [[r.CapsuleShadows:1]]
[2024.06.16-12.24.30:038][  0]LogConfig: Applying CVar settings from Section [PostProcessQuality@3] File [E:/UE project RE/TPS/Saved/Config/Windows/Scalability.ini]
[2024.06.16-12.24.30:038][  0]LogConfig: Setting CVar [[r.MotionBlurQuality:4]]
[2024.06.16-12.24.30:038][  0]LogConfig: Setting CVar [[r.AmbientOcclusionMipLevelFactor:0.4]]
[2024.06.16-12.24.30:038][  0]LogConfig: Setting CVar [[r.AmbientOcclusionMaxQuality:100]]
[2024.06.16-12.24.30:038][  0]LogConfig: Setting CVar [[r.AmbientOcclusionLevels:-1]]
[2024.06.16-12.24.30:038][  0]LogConfig: Setting CVar [[r.AmbientOcclusionRadiusScale:1.0]]
[2024.06.16-12.24.30:038][  0]LogConfig: Setting CVar [[r.DepthOfFieldQuality:2]]
[2024.06.16-12.24.30:038][  0]LogConfig: Setting CVar [[r.RenderTargetPoolMin:400]]
[2024.06.16-12.24.30:038][  0]LogConfig: Setting CVar [[r.LensFlareQuality:2]]
[2024.06.16-12.24.30:038][  0]LogConfig: Setting CVar [[r.SceneColorFringeQuality:1]]
[2024.06.16-12.24.30:038][  0]LogConfig: Setting CVar [[r.EyeAdaptationQuality:2]]
[2024.06.16-12.24.30:038][  0]LogConfig: Setting CVar [[r.BloomQuality:5]]
[2024.06.16-12.24.30:038][  0]LogConfig: Setting CVar [[r.FastBlurThreshold:100]]
[2024.06.16-12.24.30:038][  0]LogConfig: Setting CVar [[r.Upscale.Quality:3]]
[2024.06.16-12.24.30:038][  0]LogConfig: Setting CVar [[r.Tonemapper.GrainQuantization:1]]
[2024.06.16-12.24.30:038][  0]LogConfig: Setting CVar [[r.LightShaftQuality:1]]
[2024.06.16-12.24.30:038][  0]LogConfig: Setting CVar [[r.Filter.SizeScale:1]]
[2024.06.16-12.24.30:038][  0]LogConfig: Setting CVar [[r.Tonemapper.Quality:5]]
[2024.06.16-12.24.30:038][  0]LogConfig: Setting CVar [[r.DOF.Gather.AccumulatorQuality:1        ; higher gathering accumulator quality]]
[2024.06.16-12.24.30:038][  0]LogConfig: Setting CVar [[r.DOF.Gather.PostfilterMethod:1          ; Median3x3 postfilering method]]
[2024.06.16-12.24.30:038][  0]LogConfig: Setting CVar [[r.DOF.Gather.EnableBokehSettings:0       ; no bokeh simulation when gathering]]
[2024.06.16-12.24.30:038][  0]LogConfig: Setting CVar [[r.DOF.Gather.RingCount:4                 ; medium number of samples when gathering]]
[2024.06.16-12.24.30:038][  0]LogConfig: Setting CVar [[r.DOF.Scatter.ForegroundCompositing:1    ; additive foreground scattering]]
[2024.06.16-12.24.30:038][  0]LogConfig: Setting CVar [[r.DOF.Scatter.BackgroundCompositing:2    ; additive background scattering]]
[2024.06.16-12.24.30:038][  0]LogConfig: Setting CVar [[r.DOF.Scatter.EnableBokehSettings:1      ; bokeh simulation when scattering]]
[2024.06.16-12.24.30:039][  0]LogConfig: Setting CVar [[r.DOF.Scatter.MaxSpriteRatio:0.1         ; only a maximum of 10% of scattered bokeh]]
[2024.06.16-12.24.30:039][  0]LogConfig: Setting CVar [[r.DOF.Recombine.Quality:1                ; cheap slight out of focus]]
[2024.06.16-12.24.30:039][  0]LogConfig: Setting CVar [[r.DOF.Recombine.EnableBokehSettings:0    ; no bokeh simulation on slight out of focus]]
[2024.06.16-12.24.30:039][  0]LogConfig: Setting CVar [[r.DOF.TemporalAAQuality:1                ; more stable temporal accumulation]]
[2024.06.16-12.24.30:039][  0]LogConfig: Setting CVar [[r.DOF.Kernel.MaxForegroundRadius:0.025]]
[2024.06.16-12.24.30:039][  0]LogConfig: Setting CVar [[r.DOF.Kernel.MaxBackgroundRadius:0.025]]
[2024.06.16-12.24.30:039][  0]LogConfig: Applying CVar settings from Section [TextureQuality@3] File [E:/UE project RE/TPS/Saved/Config/Windows/Scalability.ini]
[2024.06.16-12.24.30:039][  0]LogConfig: Setting CVar [[r.Streaming.MipBias:0]]
[2024.06.16-12.24.30:039][  0]LogConfig: Setting CVar [[r.Streaming.AmortizeCPUToGPUCopy:0]]
[2024.06.16-12.24.30:039][  0]LogConfig: Setting CVar [[r.Streaming.MaxNumTexturesToStreamPerFrame:0]]
[2024.06.16-12.24.30:039][  0]LogConfig: Setting CVar [[r.Streaming.Boost:1]]
[2024.06.16-12.24.30:039][  0]LogConfig: Setting CVar [[r.MaxAnisotropy:8]]
[2024.06.16-12.24.30:039][  0]LogConfig: Setting CVar [[r.VT.MaxAnisotropy:8]]
[2024.06.16-12.24.30:039][  0]LogConfig: Setting CVar [[r.Streaming.LimitPoolSizeToVRAM:0]]
[2024.06.16-12.24.30:039][  0]LogConfig: Setting CVar [[r.Streaming.PoolSize:1000]]
[2024.06.16-12.24.30:039][  0]LogConfig: Setting CVar [[r.Streaming.MaxEffectiveScreenSize:0]]
[2024.06.16-12.24.30:039][  0]LogConfig: Applying CVar settings from Section [EffectsQuality@3] File [E:/UE project RE/TPS/Saved/Config/Windows/Scalability.ini]
[2024.06.16-12.24.30:039][  0]LogConfig: Setting CVar [[r.TranslucencyLightingVolumeDim:64]]
[2024.06.16-12.24.30:039][  0]LogConfig: Setting CVar [[r.RefractionQuality:2]]
[2024.06.16-12.24.30:039][  0]LogConfig: Setting CVar [[r.SSR.Quality:3]]
[2024.06.16-12.24.30:039][  0]LogConfig: Setting CVar [[r.SSR.HalfResSceneColor:0]]
[2024.06.16-12.24.30:039][  0]LogConfig: Setting CVar [[r.SceneColorFormat:4]]
[2024.06.16-12.24.30:039][  0]LogConfig: Setting CVar [[r.DetailMode:2]]
[2024.06.16-12.24.30:039][  0]LogConfig: Setting CVar [[r.TranslucencyVolumeBlur:1]]
[2024.06.16-12.24.30:039][  0]LogConfig: Setting CVar [[r.MaterialQualityLevel:1 ; High quality]]
[2024.06.16-12.24.30:039][  0]LogConfig: Setting CVar [[r.SSS.Scale:1]]
[2024.06.16-12.24.30:039][  0]LogConfig: Setting CVar [[r.SSS.SampleSet:2]]
[2024.06.16-12.24.30:039][  0]LogConfig: Setting CVar [[r.SSS.Quality:1]]
[2024.06.16-12.24.30:039][  0]LogConfig: Setting CVar [[r.SSS.HalfRes:1]]
[2024.06.16-12.24.30:039][  0]LogConfig: Setting CVar [[r.SSGI.Quality:3]]
[2024.06.16-12.24.30:039][  0]LogConfig: Setting CVar [[r.EmitterSpawnRateScale:1.0]]
[2024.06.16-12.24.30:039][  0]LogConfig: Setting CVar [[r.ParticleLightQuality:2]]
[2024.06.16-12.24.30:039][  0]LogConfig: Setting CVar [[r.SkyAtmosphere.AerialPerspectiveLUT.FastApplyOnOpaque:1 ; Always have FastSkyLUT 1 in this case to avoid wrong sky]]
[2024.06.16-12.24.30:039][  0]LogConfig: Setting CVar [[r.SkyAtmosphere.AerialPerspectiveLUT.SampleCountPerSlice:1]]
[2024.06.16-12.24.30:039][  0]LogConfig: Setting CVar [[r.SkyAtmosphere.AerialPerspectiveLUT.DepthResolution:16.0]]
[2024.06.16-12.24.30:039][  0]LogConfig: Setting CVar [[r.SkyAtmosphere.FastSkyLUT:1]]
[2024.06.16-12.24.30:039][  0]LogConfig: Setting CVar [[r.SkyAtmosphere.FastSkyLUT.SampleCountMin:4.0]]
[2024.06.16-12.24.30:039][  0]LogConfig: Setting CVar [[r.SkyAtmosphere.FastSkyLUT.SampleCountMax:32.0]]
[2024.06.16-12.24.30:039][  0]LogConfig: Setting CVar [[r.SkyAtmosphere.SampleCountMin:4.0]]
[2024.06.16-12.24.30:039][  0]LogConfig: Setting CVar [[r.SkyAtmosphere.SampleCountMax:32.0]]
[2024.06.16-12.24.30:039][  0]LogConfig: Setting CVar [[r.SkyAtmosphere.TransmittanceLUT.UseSmallFormat:0]]
[2024.06.16-12.24.30:039][  0]LogConfig: Setting CVar [[r.SkyAtmosphere.TransmittanceLUT.SampleCount:10.0]]
[2024.06.16-12.24.30:039][  0]LogConfig: Setting CVar [[r.SkyAtmosphere.MultiScatteringLUT.SampleCount:15.0]]
[2024.06.16-12.24.30:039][  0]LogConfig: Applying CVar settings from Section [FoliageQuality@3] File [E:/UE project RE/TPS/Saved/Config/Windows/Scalability.ini]
[2024.06.16-12.24.30:039][  0]LogConfig: Setting CVar [[foliage.DensityScale:1.0]]
[2024.06.16-12.24.30:039][  0]LogConfig: Setting CVar [[grass.DensityScale:1.0]]
[2024.06.16-12.24.30:039][  0]LogConfig: Applying CVar settings from Section [ShadingQuality@3] File [E:/UE project RE/TPS/Saved/Config/Windows/Scalability.ini]
[2024.06.16-12.24.30:039][  0]LogConfig: Setting CVar [[r.HairStrands.SkyLighting.SampleCount:16]]
[2024.06.16-12.24.30:039][  0]LogConfig: Setting CVar [[r.HairStrands.SkyLighting.JitterIntegration:0]]
[2024.06.16-12.24.30:039][  0]LogConfig: Setting CVar [[r.HairStrands.SkyAO.SampleCount:16]]
[2024.06.16-12.24.30:039][  0]LogConfig: Applying CVar settings from Section [Startup] File [../../../Engine/Config/ConsoleVariables.ini]
[2024.06.16-12.24.30:039][  0]LogConfig: Setting CVar [[net.UseAdaptiveNetUpdateFrequency:0]]
[2024.06.16-12.24.30:039][  0]LogConfig: Setting CVar [[p.chaos.AllowCreatePhysxBodies:1]]
[2024.06.16-12.24.30:039][  0]LogConfig: Applying CVar settings from Section [ConsoleVariables] File [E:/UE project RE/TPS/Saved/Config/Windows/Engine.ini]
[2024.06.16-12.24.30:039][  0]LogInit: Computer: MINATO
[2024.06.16-12.24.30:039][  0]LogInit: User: 22108
[2024.06.16-12.24.30:039][  0]LogInit: CPU Page size=4096, Cores=8
[2024.06.16-12.24.30:039][  0]LogInit: High frequency timer resolution =10.000000 MHz
[2024.06.16-12.24.30:039][  0]LogMemory: Memory total: Physical=15.9GB (16GB approx)
[2024.06.16-12.24.30:039][  0]LogMemory: Platform Memory Stats for Windows
[2024.06.16-12.24.30:039][  0]LogMemory: Process Physical Memory: 109.05 MB used, 109.05 MB peak
[2024.06.16-12.24.30:039][  0]LogMemory: Process Virtual Memory: 102.51 MB used, 102.51 MB peak
[2024.06.16-12.24.30:039][  0]LogMemory: Physical Memory: 7491.63 MB used,  8744.43 MB free, 16236.06 MB total
[2024.06.16-12.24.30:039][  0]LogMemory: Virtual Memory: 5189.29 MB used,  134212536.00 MB free, 134217728.00 MB total
[2024.06.16-12.24.30:042][  0]LogWindows: WindowsPlatformFeatures enabled
[2024.06.16-12.24.30:099][  0]LogInit: Using OS detected language (zh-CN).
[2024.06.16-12.24.30:099][  0]LogInit: Using OS detected locale (zh-CN).
[2024.06.16-12.24.30:100][  0]LogTextLocalizationManager: No specific localization for 'zh-CN' exists, so the 'zh-Hans' localization will be used.
[2024.06.16-12.24.30:161][  0]LogTextLocalizationResource: LocRes '../../../Engine/Content/Localization/Editor/zh/Editor.locres' could not be opened for reading!
[2024.06.16-12.24.30:161][  0]LogTextLocalizationResource: LocRes '../../../Engine/Content/Localization/EditorTutorials/zh/EditorTutorials.locres' could not be opened for reading!
[2024.06.16-12.24.30:161][  0]LogTextLocalizationResource: LocRes '../../../Engine/Content/Localization/Keywords/zh/Keywords.locres' could not be opened for reading!
[2024.06.16-12.24.30:161][  0]LogTextLocalizationResource: LocRes '../../../Engine/Content/Localization/Category/zh/Category.locres' could not be opened for reading!
[2024.06.16-12.24.30:161][  0]LogTextLocalizationResource: LocRes '../../../Engine/Content/Localization/ToolTips/zh/ToolTips.locres' could not be opened for reading!
[2024.06.16-12.24.30:161][  0]LogTextLocalizationResource: LocRes '../../../Engine/Content/Localization/PropertyNames/zh/PropertyNames.locres' could not be opened for reading!
[2024.06.16-12.24.30:161][  0]LogTextLocalizationResource: LocRes '../../../Engine/Content/Localization/Engine/zh/Engine.locres' could not be opened for reading!
[2024.06.16-12.24.30:162][  0]LogTextLocalizationResource: LocRes '../../../Engine/Plugins/Online/Android/OnlineSubsystemGooglePlay/Content/Localization/OnlineSubsystemGooglePlay/zh/OnlineSubsystemGooglePlay.locres' could not be opened for reading!
[2024.06.16-12.24.30:162][  0]LogTextLocalizationResource: LocRes '../../../Engine/Plugins/Online/IOS/OnlineSubsystemIOS/Content/Localization/OnlineSubsystemIOS/zh/OnlineSubsystemIOS.locres' could not be opened for reading!
[2024.06.16-12.24.30:162][  0]LogTextLocalizationResource: LocRes '../../../Engine/Plugins/Online/OnlineSubsystem/Content/Localization/OnlineSubsystem/zh/OnlineSubsystem.locres' could not be opened for reading!
[2024.06.16-12.24.30:162][  0]LogTextLocalizationResource: LocRes '../../../Engine/Plugins/Online/OnlineSubsystemUtils/Content/Localization/OnlineSubsystemUtils/zh/OnlineSubsystemUtils.locres' could not be opened for reading!
[2024.06.16-12.24.30:193][  0]LogInit: Setting process to per monitor DPI aware
[2024.06.16-12.24.30:288][  0]LogSlate: New Slate User Created.  User Index 0, Is Virtual User: 0
[2024.06.16-12.24.30:288][  0]LogSlate: Slate User Registered.  User Index 0, Is Virtual User: 0
[2024.06.16-12.24.30:508][  0]LogHMD: Failed to initialize OpenVR with code 110
[2024.06.16-12.24.30:508][  0]LogD3D11RHI: D3D11 min allowed feature level: 11_0
[2024.06.16-12.24.30:508][  0]LogD3D11RHI: D3D11 max allowed feature level: 11_0
[2024.06.16-12.24.30:508][  0]LogD3D11RHI: D3D11 adapters:
[2024.06.16-12.24.30:614][  0]LogD3D11RHI:    0. 'NVIDIA GeForce RTX 3070 Laptop GPU' (Feature Level 11_0)
[2024.06.16-12.24.30:614][  0]LogD3D11RHI:       8033/0/8118 MB DedicatedVideo/DedicatedSystem/SharedSystem, Outputs:1, VendorId:0x10de
[2024.06.16-12.24.30:617][  0]LogD3D11RHI:    1. 'Microsoft Basic Render Driver' (Feature Level 11_0)
[2024.06.16-12.24.30:617][  0]LogD3D11RHI:       0/0/8118 MB DedicatedVideo/DedicatedSystem/SharedSystem, Outputs:0, VendorId:0x1414
[2024.06.16-12.24.30:617][  0]LogD3D11RHI: Chosen D3D11 Adapter: 0
[2024.06.16-12.24.30:622][  0]LogD3D11RHI: Creating new Direct3DDevice
[2024.06.16-12.24.30:622][  0]LogD3D11RHI:     GPU DeviceId: 0x24dd (for the marketing name, search the web for "GPU Device Id")
[2024.06.16-12.24.30:622][  0]LogWindows: EnumDisplayDevices:
[2024.06.16-12.24.30:623][  0]LogWindows:    0. 'NVIDIA GeForce RTX 3070 Laptop GPU' (P:1 D:1)
[2024.06.16-12.24.30:623][  0]LogWindows:    1. 'NVIDIA GeForce RTX 3070 Laptop GPU' (P:0 D:0)
[2024.06.16-12.24.30:623][  0]LogWindows:    2. 'NVIDIA GeForce RTX 3070 Laptop GPU' (P:0 D:0)
[2024.06.16-12.24.30:624][  0]LogWindows:    3. 'NVIDIA GeForce RTX 3070 Laptop GPU' (P:0 D:0)
[2024.06.16-12.24.30:624][  0]LogWindows: DebugString: FoundDriverCount:4 
[2024.06.16-12.24.30:624][  0]LogD3D11RHI:     Adapter Name: NVIDIA GeForce RTX 3070 Laptop GPU
[2024.06.16-12.24.30:624][  0]LogD3D11RHI:   Driver Version: 527.99 (internal:31.0.15.2799, unified:527.99)
[2024.06.16-12.24.30:624][  0]LogD3D11RHI:      Driver Date: 12-21-2022
[2024.06.16-12.24.30:624][  0]LogRHI: Texture pool is 5623 MB (70% of 8033 MB)
[2024.06.16-12.24.30:684][  0]LogD3D11RHI: RHI has support for 64 bit atomics
[2024.06.16-12.24.30:685][  0]LogD3D11RHI: Async texture creation enabled
[2024.06.16-12.24.30:686][  0]LogD3D11RHI: HDR output is supported on display 0 (NvId: 0x80061086).
[2024.06.16-12.24.30:703][  0]LogD3D11RHI: GPU Timing Frequency: 1000.000000 (Debug: 2 2)
[2024.06.16-12.24.30:970][  0]LogTargetPlatformManager: Display: Loaded TargetPlatform 'AllDesktop'
[2024.06.16-12.24.30:993][  0]LogTargetPlatformManager: Display: Loaded TargetPlatform 'Android'
[2024.06.16-12.24.30:993][  0]LogTargetPlatformManager: Display: Loaded TargetPlatform 'Android_ASTC'
[2024.06.16-12.24.30:993][  0]LogTargetPlatformManager: Display: Loaded TargetPlatform 'Android_ATC'
[2024.06.16-12.24.30:993][  0]LogTargetPlatformManager: Display: Loaded TargetPlatform 'Android_DXT'
[2024.06.16-12.24.30:993][  0]LogTargetPlatformManager: Display: Loaded TargetPlatform 'Android_ETC1'
[2024.06.16-12.24.30:993][  0]LogTargetPlatformManager: Display: Loaded TargetPlatform 'Android_ETC1a'
[2024.06.16-12.24.30:993][  0]LogTargetPlatformManager: Display: Loaded TargetPlatform 'Android_ETC2'
[2024.06.16-12.24.30:993][  0]LogTargetPlatformManager: Display: Loaded TargetPlatform 'Android_PVRTC'
[2024.06.16-12.24.30:993][  0]LogTargetPlatformManager: Display: Loaded TargetPlatform 'AndroidClient'
[2024.06.16-12.24.30:993][  0]LogTargetPlatformManager: Display: Loaded TargetPlatform 'Android_ASTCClient'
[2024.06.16-12.24.30:993][  0]LogTargetPlatformManager: Display: Loaded TargetPlatform 'Android_ATCClient'
[2024.06.16-12.24.30:993][  0]LogTargetPlatformManager: Display: Loaded TargetPlatform 'Android_DXTClient'
[2024.06.16-12.24.30:993][  0]LogTargetPlatformManager: Display: Loaded TargetPlatform 'Android_ETC1Client'
[2024.06.16-12.24.30:993][  0]LogTargetPlatformManager: Display: Loaded TargetPlatform 'Android_ETC1aClient'
[2024.06.16-12.24.30:993][  0]LogTargetPlatformManager: Display: Loaded TargetPlatform 'Android_ETC2Client'
[2024.06.16-12.24.30:993][  0]LogTargetPlatformManager: Display: Loaded TargetPlatform 'Android_PVRTCClient'
[2024.06.16-12.24.30:993][  0]LogTargetPlatformManager: Display: Loaded TargetPlatform 'Android_Multi'
[2024.06.16-12.24.30:993][  0]LogTargetPlatformManager: Display: Loaded TargetPlatform 'Android_MultiClient'
[2024.06.16-12.24.31:009][  0]LogTargetPlatformManager: Display: Loaded TargetPlatform 'IOSClient'
[2024.06.16-12.24.31:009][  0]LogTargetPlatformManager: Display: Loaded TargetPlatform 'IOS'
[2024.06.16-12.24.31:014][  0]LogTargetPlatformManager: Display: Loaded TargetPlatform 'LinuxNoEditor'
[2024.06.16-12.24.31:020][  0]LogTargetPlatformManager: Display: Loaded TargetPlatform 'LinuxClient'
[2024.06.16-12.24.31:025][  0]LogTargetPlatformManager: Display: Loaded TargetPlatform 'LinuxServer'
[2024.06.16-12.24.31:030][  0]LogTargetPlatformManager: Display: Loaded TargetPlatform 'LinuxAArch64NoEditor'
[2024.06.16-12.24.31:035][  0]LogTargetPlatformManager: Display: Loaded TargetPlatform 'LinuxAArch64Client'
[2024.06.16-12.24.31:040][  0]LogTargetPlatformManager: Display: Loaded TargetPlatform 'LinuxAArch64Server'
[2024.06.16-12.24.31:057][  0]LogTargetPlatformManager: Display: Loaded TargetPlatform 'Lumin'
[2024.06.16-12.24.31:057][  0]LogTargetPlatformManager: Display: Loaded TargetPlatform 'LuminClient'
[2024.06.16-12.24.31:066][  0]LogTargetPlatformManager: Display: Loaded TargetPlatform 'TVOSClient'
[2024.06.16-12.24.31:066][  0]LogTargetPlatformManager: Display: Loaded TargetPlatform 'TVOS'
[2024.06.16-12.24.31:072][  0]LogTargetPlatformManager: Display: Loaded TargetPlatform 'WindowsNoEditor'
[2024.06.16-12.24.31:077][  0]LogTargetPlatformManager: Display: Loaded TargetPlatform 'Windows'
[2024.06.16-12.24.31:082][  0]LogTargetPlatformManager: Display: Loaded TargetPlatform 'WindowsClient'
[2024.06.16-12.24.31:088][  0]LogTargetPlatformManager: Display: Loaded TargetPlatform 'WindowsServer'
[2024.06.16-12.24.31:088][  0]LogTargetPlatformManager: Display: Building Assets For Windows
[2024.06.16-12.24.31:091][  0]LogAudioDebug: Display: Lib vorbis DLL was dynamically loaded.
[2024.06.16-12.24.31:109][  0]LogShaderCompilers: Guid format shader working directory is 14 characters bigger than the processId version (../../../../../UE project RE/TPS/Intermediate/Shaders/WorkingDirectory/1916/).
[2024.06.16-12.24.31:110][  0]LogShaderCompilers: Cleaned the shader compiler working directory 'C:/Users/22108/AppData/Local/Temp/UnrealShaderWorkingDir/F5163CAF4F933638D14E16AD473C8A6E/'.
[2024.06.16-12.24.31:110][  0]LogXGEController: Cannot use XGE Controller as Incredibuild is not installed on this machine.
[2024.06.16-12.24.31:110][  0]LogShaderCompilers: Cannot use XGE Shader Compiler as Incredibuild is not installed on this machine.
[2024.06.16-12.24.31:110][  0]LogShaderCompilers: Display: Using Local Shader Compiler.
[2024.06.16-12.24.31:647][  0]LogDerivedDataCache: Display: Max Cache Size: 512 MB
[2024.06.16-12.24.31:679][  0]LogDerivedDataCache: Loaded boot cache 0.03s 78MB C:/Users/22108/AppData/Local/UnrealEngine/4.24/DerivedDataCache/Boot.ddc.
[2024.06.16-12.24.31:679][  0]LogDerivedDataCache: Display: Loaded Boot cache: C:/Users/22108/AppData/Local/UnrealEngine/4.24/DerivedDataCache/Boot.ddc
[2024.06.16-12.24.31:680][  0]LogDerivedDataCache: FDerivedDataBackendGraph:  Pak pak cache file ../../../../../UE project RE/TPS/DerivedDataCache/DDC.ddp not found, will not use a pak cache.
[2024.06.16-12.24.31:680][  0]LogDerivedDataCache: Unable to find inner node Pak for hierarchical cache Hierarchy.
[2024.06.16-12.24.31:680][  0]LogDerivedDataCache: FDerivedDataBackendGraph:  CompressedPak pak cache file ../../../../../UE project RE/TPS/DerivedDataCache/Compressed.ddp not found, will not use a pak cache.
[2024.06.16-12.24.31:680][  0]LogDerivedDataCache: Unable to find inner node CompressedPak for hierarchical cache Hierarchy.
[2024.06.16-12.24.31:689][  0]LogDerivedDataCache: Display: Pak cache opened for reading ../../../Engine/DerivedDataCache/Compressed.ddp.
[2024.06.16-12.24.31:689][  0]LogDerivedDataCache: FDerivedDataBackendGraph:  EnterprisePak pak cache file ../../../Enterprise/DerivedDataCache/Compressed.ddp not found, will not use a pak cache.
[2024.06.16-12.24.31:689][  0]LogDerivedDataCache: Unable to find inner node EnterprisePak for hierarchical cache Hierarchy.
[2024.06.16-12.24.31:690][  0]LogDerivedDataCache: Using Local data cache path ../../../../../UE project RE/TPS/DerivedDataCache: Writable
[2024.06.16-12.24.31:690][  0]LogDerivedDataCache: Shared data cache path not found in *engine.ini, will not use an Shared cache.
[2024.06.16-12.24.31:690][  0]LogDerivedDataCache: Unable to find inner node Shared for hierarchical cache Hierarchy.
[2024.06.16-12.24.31:707][  0]LogMaterial: Verifying Global Shaders for PCD3D_SM5
[2024.06.16-12.24.31:709][  0]LogSlate: Using FreeType 2.10.0
[2024.06.16-12.24.31:710][  0]LogSlate: SlateFontServices - WITH_FREETYPE: 1, WITH_HARFBUZZ: 1
[2024.06.16-12.24.31:765][  0]LogAssetRegistry: FAssetRegistry took 0.0020 seconds to start up
[2024.06.16-12.24.31:992][  0]LogInit: Selected Device Profile: [Windows]
[2024.06.16-12.24.32:107][  0]LogMeshReduction: Using QuadricMeshReduction for automatic static mesh reduction
[2024.06.16-12.24.32:107][  0]LogMeshReduction: Using SimplygonMeshReduction for automatic skeletal mesh reduction
[2024.06.16-12.24.32:107][  0]LogMeshReduction: Using ProxyLODMeshReduction for automatic mesh merging
[2024.06.16-12.24.32:107][  0]LogMeshReduction: No distributed automatic mesh merging module available
[2024.06.16-12.24.32:107][  0]LogMeshMerging: No distributed automatic mesh merging module available
[2024.06.16-12.24.32:116][  0]LogNetVersion: TPS 1.0.0, NetCL: 10570792, EngineNetVer: 13, GameNetVer: 0 (Checksum: 3738251221)
[2024.06.16-12.24.33:078][  0]LogPackageLocalizationCache: Processed 10 localized package path(s) for 2 prioritized culture(s) in 0.088632 seconds
[2024.06.16-12.24.33:085][  0]LogUObjectArray: 46750 objects as part of root set at end of initial load.
[2024.06.16-12.24.33:085][  0]LogUObjectAllocator: 8137160 out of 0 bytes used by permanent object pool.
[2024.06.16-12.24.33:085][  0]LogUObjectArray: CloseDisregardForGC: 0/0 objects in disregard for GC pool
[2024.06.16-12.24.33:386][  0]LogTcpMessaging: Initializing TcpMessaging bridge
[2024.06.16-12.24.33:388][  0]LogUdpMessaging: Initializing bridge on interface 0.0.0.0:0 to multicast group 230.0.0.1:6666.
[2024.06.16-12.24.33:427][  0]SourceControl: 源码管理已禁用
[2024.06.16-12.24.33:427][  0]SourceControl: 源码管理已禁用
[2024.06.16-12.24.33:428][  0]SourceControl: 源码管理已禁用
[2024.06.16-12.24.33:429][  0]SourceControl: 源码管理已禁用
[2024.06.16-12.24.33:429][  0]SourceControl: 源码管理已禁用
[2024.06.16-12.24.33:494][  0]LogAndroidPermission: UAndroidPermissionCallbackProxy::GetInstance
[2024.06.16-12.24.33:501][  0]LogAudioCaptureCore: Display: No Audio Capture implementations found. Audio input will be silent.
[2024.06.16-12.24.33:501][  0]LogAudioCaptureCore: Display: No Audio Capture implementations found. Audio input will be silent.
[2024.06.16-12.24.33:561][  0]LogOcInput: OculusInput pre-init called
[2024.06.16-12.24.33:568][  0]LogWindows: Failed to load 'OVRPlugin.dll' (GetLastError=126)
[2024.06.16-12.24.33:568][  0]LogWindows: File 'OVRPlugin.dll' does not exist
[2024.06.16-12.24.33:617][  0]LogEngine: Initializing Engine...
[2024.06.16-12.24.33:618][  0]LogHMD: Failed to initialize OpenVR with code 110
[2024.06.16-12.24.33:619][  0]LogStats: UGameplayTagsManager::InitializeManager -  0.000 s
[2024.06.16-12.24.33:855][  0]LogInit: Initializing FReadOnlyCVARCache
[2024.06.16-12.24.33:860][  0]LogAIModule: Creating AISystem for world Untitled
[2024.06.16-12.24.33:868][  0]LogAudioMixer: Display: Audio Mixer Platform Settings:
[2024.06.16-12.24.33:868][  0]LogAudioMixer: Display: 	Sample Rate:						  48000
[2024.06.16-12.24.33:868][  0]LogAudioMixer: Display: 	Callback Buffer Frame Size Requested: 1024
[2024.06.16-12.24.33:868][  0]LogAudioMixer: Display: 	Callback Buffer Frame Size To Use:	  1024
[2024.06.16-12.24.33:868][  0]LogAudioMixer: Display: 	Number of buffers to queue:			  2
[2024.06.16-12.24.33:868][  0]LogAudioMixer: Display: 	Max Channels (voices):				  32
[2024.06.16-12.24.33:868][  0]LogAudioMixer: Display: 	Number of Async Source Workers:		  0
[2024.06.16-12.24.33:868][  0]LogAudio: Display: AudioDevice MaxSources: 32
[2024.06.16-12.24.33:868][  0]LogAudio: Display: Using built-in audio occlusion.
[2024.06.16-12.24.33:868][  0]LogAudioMixer: Display: Initializing audio mixer.
[2024.06.16-12.24.33:894][  0]LogAudioMixer: Display: Audio Device Output Speaker Info:
[2024.06.16-12.24.33:894][  0]LogAudioMixer: Display: Name: 扬声器 (Realtek(R) Audio)
[2024.06.16-12.24.33:894][  0]LogAudioMixer: Display: Is Default: Yes
[2024.06.16-12.24.33:894][  0]LogAudioMixer: Display: Sample Rate: 48000
[2024.06.16-12.24.33:894][  0]LogAudioMixer: Display: Channel Count Used: 2
[2024.06.16-12.24.33:895][  0]LogAudioMixer: Display: Device Channel Count: 2
[2024.06.16-12.24.33:895][  0]LogAudioMixer: Display: Channel Order:
[2024.06.16-12.24.33:895][  0]LogAudioMixer: Display: 0: FrontLeft
[2024.06.16-12.24.33:895][  0]LogAudioMixer: Display: 1: FrontRight
[2024.06.16-12.24.34:095][  0]LogAudioMixer: Display: Using Audio Device 扬声器 (Realtek(R) Audio)
[2024.06.16-12.24.34:097][  0]LogInit: FAudioDevice initialized.
[2024.06.16-12.24.34:097][  0]LogNetVersion: Set ProjectVersion to 1.0.0.0. Version Checksum will be recalculated on next use.
[2024.06.16-12.24.34:141][  0]LogDerivedDataCache: Saved boot cache 0.04s 78MB C:/Users/22108/AppData/Local/UnrealEngine/4.24/DerivedDataCache/Boot.ddc.
[2024.06.16-12.24.34:141][  0]LogInit: Texture streaming: Enabled
[2024.06.16-12.24.34:151][  0]LogEngineSessionManager: EngineSessionManager initialized
[2024.06.16-12.24.34:151][  0]LogEditorSessionSummary: Verbose: Initializing EditorSessionSummaryWriter for editor session tracking
[2024.06.16-12.24.34:155][  0]LogEditorSessionSummary: EditorSessionSummaryWriter initialized
[2024.06.16-12.24.34:190][  0]LogInit: Transaction tracking system initialized
[2024.06.16-12.24.34:198][  0]BlueprintLog: New page: 编辑器加载
[2024.06.16-12.24.34:222][  0]LocalizationService: 本地化服务已禁用
[2024.06.16-12.24.34:437][  0]LogCook: Display: Max memory allowance for cook 16384mb min free memory 0mb
[2024.06.16-12.24.34:437][  0]LogCook: Display: Mobile HDR setting 1
[2024.06.16-12.24.34:507][  0]LogFileCache: Scanning file cache for directory 'E:/UE project RE/TPS/Content/' took 0.04s
[2024.06.16-12.24.35:155][  0]SourceControl: 源码管理已禁用
[2024.06.16-12.24.35:155][  0]Cmd: MAP LOAD FILE="../../../../../UE project RE/TPS/Content/ThirdPersonBP/Maps/ThirdPersonExampleMap.umap" TEMPLATE=0 SHOWPROGRESS=1 FEATURELEVEL=3
[2024.06.16-12.24.35:155][  0]LightingResults: New page: 光照构建
[2024.06.16-12.24.35:157][  0]LogWorld: UWorld::CleanupWorld for Untitled, bSessionEnded=true, bCleanupResources=true
[2024.06.16-12.24.35:157][  0]LogSlate: InvalidateAllWidgets triggered.  All widgets were invalidated
[2024.06.16-12.24.35:157][  0]MapCheck: New page: 地图检测
[2024.06.16-12.24.35:157][  0]LightingResults: New page: 光照构建
[2024.06.16-12.24.35:185][  0]LogUObjectHash: Compacting FUObjectHashTables data took   1.41ms
[2024.06.16-12.24.37:064][  0]LogBlueprint: Warning: Node '/Game/MilitaryWeapSilver/Sound/Shotgun/Cues/Shotgun_Reload_Out_Cue.Shotgun_Reload_Out_Cue:SoundCueGraph_4.SoundCueGraphNode_5' missing NodeGuid because of upgrade from old package version, this can cause deterministic cooking issues please resave package.
[2024.06.16-12.24.37:064][  0]LogBlueprint: Warning: Node '/Game/MilitaryWeapSilver/Sound/Shotgun/Cues/Shotgun_Reload_Out_Cue.Shotgun_Reload_Out_Cue:SoundCueGraph_4.SoundCueGraphNode_6' missing NodeGuid because of upgrade from old package version, this can cause deterministic cooking issues please resave package.
[2024.06.16-12.24.37:064][  0]LogBlueprint: Warning: Node '/Game/MilitaryWeapSilver/Sound/Shotgun/Cues/Shotgun_Reload_Out_Cue.Shotgun_Reload_Out_Cue:SoundCueGraph_4.SoundCueGraphNode_7' missing NodeGuid because of upgrade from old package version, this can cause deterministic cooking issues please resave package.
[2024.06.16-12.24.37:064][  0]LogBlueprint: Warning: Node '/Game/MilitaryWeapSilver/Sound/Shotgun/Cues/Shotgun_Reload_Out_Cue.Shotgun_Reload_Out_Cue:SoundCueGraph_4.SoundCueGraphNode_8' missing NodeGuid because of upgrade from old package version, this can cause deterministic cooking issues please resave package.
[2024.06.16-12.24.37:064][  0]LogBlueprint: Warning: Node '/Game/MilitaryWeapSilver/Sound/Shotgun/Cues/Shotgun_Reload_Out_Cue.Shotgun_Reload_Out_Cue:SoundCueGraph_4.SoundCueGraphNode_Root_4' missing NodeGuid because of upgrade from old package version, this can cause deterministic cooking issues please resave package.
[2024.06.16-12.24.37:077][  0]LogBlueprint: Warning: Node '/Game/MilitaryWeapSilver/Sound/Shotgun/Cues/Shotgun_Reload_In_Cue.Shotgun_Reload_In_Cue:SoundCueGraph_3.SoundCueGraphNode_10' missing NodeGuid because of upgrade from old package version, this can cause deterministic cooking issues please resave package.
[2024.06.16-12.24.37:077][  0]LogBlueprint: Warning: Node '/Game/MilitaryWeapSilver/Sound/Shotgun/Cues/Shotgun_Reload_In_Cue.Shotgun_Reload_In_Cue:SoundCueGraph_3.SoundCueGraphNode_11' missing NodeGuid because of upgrade from old package version, this can cause deterministic cooking issues please resave package.
[2024.06.16-12.24.37:077][  0]LogBlueprint: Warning: Node '/Game/MilitaryWeapSilver/Sound/Shotgun/Cues/Shotgun_Reload_In_Cue.Shotgun_Reload_In_Cue:SoundCueGraph_3.SoundCueGraphNode_12' missing NodeGuid because of upgrade from old package version, this can cause deterministic cooking issues please resave package.
[2024.06.16-12.24.37:077][  0]LogBlueprint: Warning: Node '/Game/MilitaryWeapSilver/Sound/Shotgun/Cues/Shotgun_Reload_In_Cue.Shotgun_Reload_In_Cue:SoundCueGraph_3.SoundCueGraphNode_9' missing NodeGuid because of upgrade from old package version, this can cause deterministic cooking issues please resave package.
[2024.06.16-12.24.37:077][  0]LogBlueprint: Warning: Node '/Game/MilitaryWeapSilver/Sound/Shotgun/Cues/Shotgun_Reload_In_Cue.Shotgun_Reload_In_Cue:SoundCueGraph_3.SoundCueGraphNode_Root_3' missing NodeGuid because of upgrade from old package version, this can cause deterministic cooking issues please resave package.
[2024.06.16-12.24.37:105][  0]LogBlueprint: Warning: Node '/Game/MilitaryWeapSilver/Sound/Pistol/Cues/Pistol_ReloadInsert_Cue.Pistol_ReloadInsert_Cue:SoundCueGraph_41.SoundCueGraphNode_27' missing NodeGuid because of upgrade from old package version, this can cause deterministic cooking issues please resave package.
[2024.06.16-12.24.37:105][  0]LogBlueprint: Warning: Node '/Game/MilitaryWeapSilver/Sound/Pistol/Cues/Pistol_ReloadInsert_Cue.Pistol_ReloadInsert_Cue:SoundCueGraph_41.SoundCueGraphNode_29' missing NodeGuid because of upgrade from old package version, this can cause deterministic cooking issues please resave package.
[2024.06.16-12.24.37:105][  0]LogBlueprint: Warning: Node '/Game/MilitaryWeapSilver/Sound/Pistol/Cues/Pistol_ReloadInsert_Cue.Pistol_ReloadInsert_Cue:SoundCueGraph_41.SoundCueGraphNode_30' missing NodeGuid because of upgrade from old package version, this can cause deterministic cooking issues please resave package.
[2024.06.16-12.24.37:105][  0]LogBlueprint: Warning: Node '/Game/MilitaryWeapSilver/Sound/Pistol/Cues/Pistol_ReloadInsert_Cue.Pistol_ReloadInsert_Cue:SoundCueGraph_41.SoundCueGraphNode_31' missing NodeGuid because of upgrade from old package version, this can cause deterministic cooking issues please resave package.
[2024.06.16-12.24.37:105][  0]LogBlueprint: Warning: Node '/Game/MilitaryWeapSilver/Sound/Pistol/Cues/Pistol_ReloadInsert_Cue.Pistol_ReloadInsert_Cue:SoundCueGraph_41.SoundCueGraphNode_32' missing NodeGuid because of upgrade from old package version, this can cause deterministic cooking issues please resave package.
[2024.06.16-12.24.37:105][  0]LogBlueprint: Warning: Node '/Game/MilitaryWeapSilver/Sound/Pistol/Cues/Pistol_ReloadInsert_Cue.Pistol_ReloadInsert_Cue:SoundCueGraph_41.SoundCueGraphNode_33' missing NodeGuid because of upgrade from old package version, this can cause deterministic cooking issues please resave package.
[2024.06.16-12.24.37:105][  0]LogBlueprint: Warning: Node '/Game/MilitaryWeapSilver/Sound/Pistol/Cues/Pistol_ReloadInsert_Cue.Pistol_ReloadInsert_Cue:SoundCueGraph_41.SoundCueGraphNode_34' missing NodeGuid because of upgrade from old package version, this can cause deterministic cooking issues please resave package.
[2024.06.16-12.24.37:105][  0]LogBlueprint: Warning: Node '/Game/MilitaryWeapSilver/Sound/Pistol/Cues/Pistol_ReloadInsert_Cue.Pistol_ReloadInsert_Cue:SoundCueGraph_41.SoundCueGraphNode_35' missing NodeGuid because of upgrade from old package version, this can cause deterministic cooking issues please resave package.
[2024.06.16-12.24.37:105][  0]LogBlueprint: Warning: Node '/Game/MilitaryWeapSilver/Sound/Pistol/Cues/Pistol_ReloadInsert_Cue.Pistol_ReloadInsert_Cue:SoundCueGraph_41.SoundCueGraphNode_36' missing NodeGuid because of upgrade from old package version, this can cause deterministic cooking issues please resave package.
[2024.06.16-12.24.37:105][  0]LogBlueprint: Warning: Node '/Game/MilitaryWeapSilver/Sound/Pistol/Cues/Pistol_ReloadInsert_Cue.Pistol_ReloadInsert_Cue:SoundCueGraph_41.SoundCueGraphNode_Root_41' missing NodeGuid because of upgrade from old package version, this can cause deterministic cooking issues please resave package.
[2024.06.16-12.24.37:113][  0]LogBlueprint: Warning: Node '/Game/MilitaryWeapSilver/Sound/Pistol/Cues/Pistol_ReloadEject_Cue.Pistol_ReloadEject_Cue:SoundCueGraph_41.SoundCueGraphNode_224' missing NodeGuid because of upgrade from old package version, this can cause deterministic cooking issues please resave package.
[2024.06.16-12.24.37:113][  0]LogBlueprint: Warning: Node '/Game/MilitaryWeapSilver/Sound/Pistol/Cues/Pistol_ReloadEject_Cue.Pistol_ReloadEject_Cue:SoundCueGraph_41.SoundCueGraphNode_25' missing NodeGuid because of upgrade from old package version, this can cause deterministic cooking issues please resave package.
[2024.06.16-12.24.37:113][  0]LogBlueprint: Warning: Node '/Game/MilitaryWeapSilver/Sound/Pistol/Cues/Pistol_ReloadEject_Cue.Pistol_ReloadEject_Cue:SoundCueGraph_41.SoundCueGraphNode_26' missing NodeGuid because of upgrade from old package version, this can cause deterministic cooking issues please resave package.
[2024.06.16-12.24.37:113][  0]LogBlueprint: Warning: Node '/Game/MilitaryWeapSilver/Sound/Pistol/Cues/Pistol_ReloadEject_Cue.Pistol_ReloadEject_Cue:SoundCueGraph_41.SoundCueGraphNode_Root_41' missing NodeGuid because of upgrade from old package version, this can cause deterministic cooking issues please resave package.
[2024.06.16-12.24.37:153][  0]LogBlueprint: Warning: Node '/Game/MilitaryWeapSilver/Sound/Shotgun/Cues/ShotgunA_Fire_Cue.ShotgunA_Fire_Cue:SoundCueGraph_59.EdGraphNode_Comment_1' missing NodeGuid because of upgrade from old package version, this can cause deterministic cooking issues please resave package.
[2024.06.16-12.24.37:153][  0]LogBlueprint: Warning: Node '/Game/MilitaryWeapSilver/Sound/Shotgun/Cues/ShotgunA_Fire_Cue.ShotgunA_Fire_Cue:SoundCueGraph_59.EdGraphNode_Comment_3' missing NodeGuid because of upgrade from old package version, this can cause deterministic cooking issues please resave package.
[2024.06.16-12.24.37:153][  0]LogBlueprint: Warning: Node '/Game/MilitaryWeapSilver/Sound/Shotgun/Cues/ShotgunA_Fire_Cue.ShotgunA_Fire_Cue:SoundCueGraph_59.SoundCueGraphNode_278' missing NodeGuid because of upgrade from old package version, this can cause deterministic cooking issues please resave package.
[2024.06.16-12.24.37:153][  0]LogBlueprint: Warning: Node '/Game/MilitaryWeapSilver/Sound/Shotgun/Cues/ShotgunA_Fire_Cue.ShotgunA_Fire_Cue:SoundCueGraph_59.SoundCueGraphNode_279' missing NodeGuid because of upgrade from old package version, this can cause deterministic cooking issues please resave package.
[2024.06.16-12.24.37:153][  0]LogBlueprint: Warning: Node '/Game/MilitaryWeapSilver/Sound/Shotgun/Cues/ShotgunA_Fire_Cue.ShotgunA_Fire_Cue:SoundCueGraph_59.SoundCueGraphNode_280' missing NodeGuid because of upgrade from old package version, this can cause deterministic cooking issues please resave package.
[2024.06.16-12.24.37:153][  0]LogBlueprint: Warning: Node '/Game/MilitaryWeapSilver/Sound/Shotgun/Cues/ShotgunA_Fire_Cue.ShotgunA_Fire_Cue:SoundCueGraph_59.SoundCueGraphNode_281' missing NodeGuid because of upgrade from old package version, this can cause deterministic cooking issues please resave package.
[2024.06.16-12.24.37:153][  0]LogBlueprint: Warning: Node '/Game/MilitaryWeapSilver/Sound/Shotgun/Cues/ShotgunA_Fire_Cue.ShotgunA_Fire_Cue:SoundCueGraph_59.SoundCueGraphNode_282' missing NodeGuid because of upgrade from old package version, this can cause deterministic cooking issues please resave package.
[2024.06.16-12.24.37:153][  0]LogBlueprint: Warning: Node '/Game/MilitaryWeapSilver/Sound/Shotgun/Cues/ShotgunA_Fire_Cue.ShotgunA_Fire_Cue:SoundCueGraph_59.SoundCueGraphNode_283' missing NodeGuid because of upgrade from old package version, this can cause deterministic cooking issues please resave package.
[2024.06.16-12.24.37:153][  0]LogBlueprint: Warning: Node '/Game/MilitaryWeapSilver/Sound/Shotgun/Cues/ShotgunA_Fire_Cue.ShotgunA_Fire_Cue:SoundCueGraph_59.SoundCueGraphNode_284' missing NodeGuid because of upgrade from old package version, this can cause deterministic cooking issues please resave package.
[2024.06.16-12.24.37:153][  0]LogBlueprint: Warning: Node '/Game/MilitaryWeapSilver/Sound/Shotgun/Cues/ShotgunA_Fire_Cue.ShotgunA_Fire_Cue:SoundCueGraph_59.SoundCueGraphNode_285' missing NodeGuid because of upgrade from old package version, this can cause deterministic cooking issues please resave package.
[2024.06.16-12.24.37:153][  0]LogBlueprint: Warning: Node '/Game/MilitaryWeapSilver/Sound/Shotgun/Cues/ShotgunA_Fire_Cue.ShotgunA_Fire_Cue:SoundCueGraph_59.SoundCueGraphNode_286' missing NodeGuid because of upgrade from old package version, this can cause deterministic cooking issues please resave package.
[2024.06.16-12.24.37:153][  0]LogBlueprint: Warning: Node '/Game/MilitaryWeapSilver/Sound/Shotgun/Cues/ShotgunA_Fire_Cue.ShotgunA_Fire_Cue:SoundCueGraph_59.SoundCueGraphNode_287' missing NodeGuid because of upgrade from old package version, this can cause deterministic cooking issues please resave package.
[2024.06.16-12.24.37:153][  0]LogBlueprint: Warning: Node '/Game/MilitaryWeapSilver/Sound/Shotgun/Cues/ShotgunA_Fire_Cue.ShotgunA_Fire_Cue:SoundCueGraph_59.SoundCueGraphNode_3' missing NodeGuid because of upgrade from old package version, this can cause deterministic cooking issues please resave package.
[2024.06.16-12.24.37:154][  0]LogBlueprint: Warning: Node '/Game/MilitaryWeapSilver/Sound/Shotgun/Cues/ShotgunA_Fire_Cue.ShotgunA_Fire_Cue:SoundCueGraph_59.SoundCueGraphNode_90' missing NodeGuid because of upgrade from old package version, this can cause deterministic cooking issues please resave package.
[2024.06.16-12.24.37:154][  0]LogBlueprint: Warning: Node '/Game/MilitaryWeapSilver/Sound/Shotgun/Cues/ShotgunA_Fire_Cue.ShotgunA_Fire_Cue:SoundCueGraph_59.SoundCueGraphNode_Root_59' missing NodeGuid because of upgrade from old package version, this can cause deterministic cooking issues please resave package.
[2024.06.16-12.24.37:167][  0]LogBlueprint: Warning: Node '/Game/MilitaryWeapSilver/Sound/Shotgun/Cues/Shotgun_Reload_Cue.Shotgun_Reload_Cue:SoundCueGraph_58.SoundCueGraphNode_150' missing NodeGuid because of upgrade from old package version, this can cause deterministic cooking issues please resave package.
[2024.06.16-12.24.37:167][  0]LogBlueprint: Warning: Node '/Game/MilitaryWeapSilver/Sound/Shotgun/Cues/Shotgun_Reload_Cue.Shotgun_Reload_Cue:SoundCueGraph_58.SoundCueGraphNode_151' missing NodeGuid because of upgrade from old package version, this can cause deterministic cooking issues please resave package.
[2024.06.16-12.24.37:167][  0]LogBlueprint: Warning: Node '/Game/MilitaryWeapSilver/Sound/Shotgun/Cues/Shotgun_Reload_Cue.Shotgun_Reload_Cue:SoundCueGraph_58.SoundCueGraphNode_152' missing NodeGuid because of upgrade from old package version, this can cause deterministic cooking issues please resave package.
[2024.06.16-12.24.37:167][  0]LogBlueprint: Warning: Node '/Game/MilitaryWeapSilver/Sound/Shotgun/Cues/Shotgun_Reload_Cue.Shotgun_Reload_Cue:SoundCueGraph_58.SoundCueGraphNode_153' missing NodeGuid because of upgrade from old package version, this can cause deterministic cooking issues please resave package.
[2024.06.16-12.24.37:167][  0]LogBlueprint: Warning: Node '/Game/MilitaryWeapSilver/Sound/Shotgun/Cues/Shotgun_Reload_Cue.Shotgun_Reload_Cue:SoundCueGraph_58.SoundCueGraphNode_Root_58' missing NodeGuid because of upgrade from old package version, this can cause deterministic cooking issues please resave package.
[2024.06.16-12.24.37:277][  0]LogBlueprint: Warning: Node '/Game/MilitaryWeapSilver/Sound/Pistol/Cues/PistolA_Fire_Cue.PistolA_Fire_Cue:SoundCueGraph_43.EdGraphNode_Comment_1' missing NodeGuid because of upgrade from old package version, this can cause deterministic cooking issues please resave package.
[2024.06.16-12.24.37:277][  0]LogBlueprint: Warning: Node '/Game/MilitaryWeapSilver/Sound/Pistol/Cues/PistolA_Fire_Cue.PistolA_Fire_Cue:SoundCueGraph_43.EdGraphNode_Comment_3' missing NodeGuid because of upgrade from old package version, this can cause deterministic cooking issues please resave package.
[2024.06.16-12.24.37:277][  0]LogBlueprint: Warning: Node '/Game/MilitaryWeapSilver/Sound/Pistol/Cues/PistolA_Fire_Cue.PistolA_Fire_Cue:SoundCueGraph_43.SoundCueGraphNode_206' missing NodeGuid because of upgrade from old package version, this can cause deterministic cooking issues please resave package.
[2024.06.16-12.24.37:277][  0]LogBlueprint: Warning: Node '/Game/MilitaryWeapSilver/Sound/Pistol/Cues/PistolA_Fire_Cue.PistolA_Fire_Cue:SoundCueGraph_43.SoundCueGraphNode_207' missing NodeGuid because of upgrade from old package version, this can cause deterministic cooking issues please resave package.
[2024.06.16-12.24.37:277][  0]LogBlueprint: Warning: Node '/Game/MilitaryWeapSilver/Sound/Pistol/Cues/PistolA_Fire_Cue.PistolA_Fire_Cue:SoundCueGraph_43.SoundCueGraphNode_208' missing NodeGuid because of upgrade from old package version, this can cause deterministic cooking issues please resave package.
[2024.06.16-12.24.37:277][  0]LogBlueprint: Warning: Node '/Game/MilitaryWeapSilver/Sound/Pistol/Cues/PistolA_Fire_Cue.PistolA_Fire_Cue:SoundCueGraph_43.SoundCueGraphNode_209' missing NodeGuid because of upgrade from old package version, this can cause deterministic cooking issues please resave package.
[2024.06.16-12.24.37:277][  0]LogBlueprint: Warning: Node '/Game/MilitaryWeapSilver/Sound/Pistol/Cues/PistolA_Fire_Cue.PistolA_Fire_Cue:SoundCueGraph_43.SoundCueGraphNode_210' missing NodeGuid because of upgrade from old package version, this can cause deterministic cooking issues please resave package.
[2024.06.16-12.24.37:277][  0]LogBlueprint: Warning: Node '/Game/MilitaryWeapSilver/Sound/Pistol/Cues/PistolA_Fire_Cue.PistolA_Fire_Cue:SoundCueGraph_43.SoundCueGraphNode_211' missing NodeGuid because of upgrade from old package version, this can cause deterministic cooking issues please resave package.
[2024.06.16-12.24.37:277][  0]LogBlueprint: Warning: Node '/Game/MilitaryWeapSilver/Sound/Pistol/Cues/PistolA_Fire_Cue.PistolA_Fire_Cue:SoundCueGraph_43.SoundCueGraphNode_212' missing NodeGuid because of upgrade from old package version, this can cause deterministic cooking issues please resave package.
[2024.06.16-12.24.37:277][  0]LogBlueprint: Warning: Node '/Game/MilitaryWeapSilver/Sound/Pistol/Cues/PistolA_Fire_Cue.PistolA_Fire_Cue:SoundCueGraph_43.SoundCueGraphNode_229' missing NodeGuid because of upgrade from old package version, this can cause deterministic cooking issues please resave package.
[2024.06.16-12.24.37:277][  0]LogBlueprint: Warning: Node '/Game/MilitaryWeapSilver/Sound/Pistol/Cues/PistolA_Fire_Cue.PistolA_Fire_Cue:SoundCueGraph_43.SoundCueGraphNode_230' missing NodeGuid because of upgrade from old package version, this can cause deterministic cooking issues please resave package.
[2024.06.16-12.24.37:277][  0]LogBlueprint: Warning: Node '/Game/MilitaryWeapSilver/Sound/Pistol/Cues/PistolA_Fire_Cue.PistolA_Fire_Cue:SoundCueGraph_43.SoundCueGraphNode_231' missing NodeGuid because of upgrade from old package version, this can cause deterministic cooking issues please resave package.
[2024.06.16-12.24.37:277][  0]LogBlueprint: Warning: Node '/Game/MilitaryWeapSilver/Sound/Pistol/Cues/PistolA_Fire_Cue.PistolA_Fire_Cue:SoundCueGraph_43.SoundCueGraphNode_232' missing NodeGuid because of upgrade from old package version, this can cause deterministic cooking issues please resave package.
[2024.06.16-12.24.37:277][  0]LogBlueprint: Warning: Node '/Game/MilitaryWeapSilver/Sound/Pistol/Cues/PistolA_Fire_Cue.PistolA_Fire_Cue:SoundCueGraph_43.SoundCueGraphNode_233' missing NodeGuid because of upgrade from old package version, this can cause deterministic cooking issues please resave package.
[2024.06.16-12.24.37:277][  0]LogBlueprint: Warning: Node '/Game/MilitaryWeapSilver/Sound/Pistol/Cues/PistolA_Fire_Cue.PistolA_Fire_Cue:SoundCueGraph_43.SoundCueGraphNode_234' missing NodeGuid because of upgrade from old package version, this can cause deterministic cooking issues please resave package.
[2024.06.16-12.24.37:277][  0]LogBlueprint: Warning: Node '/Game/MilitaryWeapSilver/Sound/Pistol/Cues/PistolA_Fire_Cue.PistolA_Fire_Cue:SoundCueGraph_43.SoundCueGraphNode_235' missing NodeGuid because of upgrade from old package version, this can cause deterministic cooking issues please resave package.
[2024.06.16-12.24.37:277][  0]LogBlueprint: Warning: Node '/Game/MilitaryWeapSilver/Sound/Pistol/Cues/PistolA_Fire_Cue.PistolA_Fire_Cue:SoundCueGraph_43.SoundCueGraphNode_3' missing NodeGuid because of upgrade from old package version, this can cause deterministic cooking issues please resave package.
[2024.06.16-12.24.37:277][  0]LogBlueprint: Warning: Node '/Game/MilitaryWeapSilver/Sound/Pistol/Cues/PistolA_Fire_Cue.PistolA_Fire_Cue:SoundCueGraph_43.SoundCueGraphNode_90' missing NodeGuid because of upgrade from old package version, this can cause deterministic cooking issues please resave package.
[2024.06.16-12.24.37:277][  0]LogBlueprint: Warning: Node '/Game/MilitaryWeapSilver/Sound/Pistol/Cues/PistolA_Fire_Cue.PistolA_Fire_Cue:SoundCueGraph_43.SoundCueGraphNode_Root_43' missing NodeGuid because of upgrade from old package version, this can cause deterministic cooking issues please resave package.
[2024.06.16-12.24.37:493][  0]LogAIModule: Creating AISystem for world ThirdPersonExampleMap
[2024.06.16-12.24.37:509][  0]LogEditorServer: Finished looking for orphan Actors (0.000 secs)
[2024.06.16-12.24.37:541][  0]LogUObjectHash: Compacting FUObjectHashTables data took   2.02ms
[2024.06.16-12.24.37:541][  0]Cmd: MAP CHECKDEP NOCLEARLOG
[2024.06.16-12.24.37:541][  0]MapCheck: 地图检测完成：0个错误、0个警告、完成用时0.079毫秒。
[2024.06.16-12.24.37:541][  0]LogFileHelpers: Loading map 'ThirdPersonExampleMap' took 2.385
[2024.06.16-12.24.37:694][  0]LogSlate: Updating window title bar state: overlay mode, drag disabled, window buttons hidden, title bar hidden
[2024.06.16-12.24.37:704][  0]LogSlate: Updating window title bar state: overlay mode, drag disabled, window buttons hidden, title bar hidden
[2024.06.16-12.24.37:713][  0]LogSlate: Updating window title bar state: overlay mode, drag disabled, window buttons hidden, title bar hidden
[2024.06.16-12.24.37:717][  0]LogSlate: Updating window title bar state: overlay mode, drag disabled, window buttons hidden, title bar hidden
[2024.06.16-12.24.37:731][  0]LogCollectionManager: Loaded 0 collections in 0.001149 seconds
[2024.06.16-12.24.37:750][  0]LogFileCache: Scanning file cache for directory 'E:/UE project RE/TPS/Saved/Collections/' took 0.00s
[2024.06.16-12.24.37:750][  0]LogFileCache: Scanning file cache for directory 'E:/UE project RE/TPS/Content/Developers/22108/Collections/' took 0.00s
[2024.06.16-12.24.37:750][  0]LogFileCache: Scanning file cache for directory 'E:/UE project RE/TPS/Content/Collections/' took 0.00s
[2024.06.16-12.24.37:750][  0]LogContentBrowser: Native class hierarchy populated in 0.0068 seconds. Added 3015 classes and 717 folders.
[2024.06.16-12.24.37:753][  0]LogContentBrowser: Native class hierarchy updated for 'WidgetCarousel' in 0.0003 seconds. Added 0 classes and 0 folders.
[2024.06.16-12.24.38:287][  0]LogContentBrowser: Native class hierarchy updated for 'AddContentDialog' in 0.0003 seconds. Added 0 classes and 0 folders.
[2024.06.16-12.24.38:313][  0]LogContentBrowser: Native class hierarchy updated for 'SceneOutliner' in 0.0003 seconds. Added 2 classes and 3 folders.
[2024.06.16-12.24.38:458][  0]LogSlate: Took 0.000235 seconds to synchronously load lazily loaded font '../../../Engine/Content/Slate/Fonts/Roboto-Regular.ttf' (155K)
[2024.06.16-12.24.38:460][  0]LogSlate: Took 0.000998 seconds to synchronously load lazily loaded font '../../../Engine/Content/Slate/Fonts/DroidSansFallback.ttf' (3848K)
[2024.06.16-12.24.38:460][  0]LogSlate: Took 0.000173 seconds to synchronously load lazily loaded font '../../../Engine/Content/Slate/Fonts/Roboto-Bold.ttf' (160K)
[2024.06.16-12.24.38:468][  0]LogSlate: Took 0.005032 seconds to synchronously load lazily loaded font '../../../Engine/Content/Editor/Slate/Fonts/FontAwesome.ttf' (139K)
[2024.06.16-12.24.38:582][  0]LogRenderer: Reallocating scene render targets to support 1072x700 Format 10 NumSamples 1 (Frame:1).
[2024.06.16-12.24.38:735][  0]LogContentBrowser: Native class hierarchy updated for 'HierarchicalLODOutliner' in 0.0003 seconds. Added 0 classes and 0 folders.
[2024.06.16-12.24.38:735][  0]LogLoad: (Engine Initialization) Total time: 10.60 seconds
[2024.06.16-12.24.38:735][  0]LogLoad: (Engine Initialization) Total Blueprint compile time: 0.00 seconds
[2024.06.16-12.24.38:803][  0]LogContentStreaming: Texture pool size now 1000 MB
[2024.06.16-12.24.38:924][  2]LogAssetRegistry: Asset discovery search completed in 7.1605 seconds
[2024.06.16-12.24.38:927][  2]LogCollectionManager: Fixed up redirectors for 0 collections in 0.000006 seconds (updated 0 objects)
[2024.06.16-12.25.18:445][740]LogD3D11RHI: Timed out while waiting for GPU to catch up. (500 ms)
[2024.06.16-12.25.18:779][741]LogD3D11RHI: Timed out while waiting for GPU to catch up. (500 ms)
[2024.06.16-12.25.26:164][764]LogD3D11RHI: Error: Result failed 
 at D:/Build/++UE4/Sync/Engine/Source/Runtime/Windows/D3D11RHI/Private/D3D11Query.cpp:348 
 with error DXGI_ERROR_DEVICE_REMOVED DXGI_ERROR_DEVICE_HUNG
[2024.06.16-12.25.26:164][764]LogD3D11RHI: [Aftermath] GDynamicRHI=00000167200CC0C0, GDX11NVAfterMathEnabled=0, Result=0xFFFFFFFF, bDeviceActive=0
[2024.06.16-12.25.26:164][764]LogWindows: Windows GetLastError: 操作成功完成。 (0)
[2024.06.16-12.25.28:013][764]LogOutputDevice: Warning: 

Script Stack (0 frames):

[2024.06.16-12.25.28:013][764]LogWindows: Windows GetLastError: 操作成功完成。 (0)
[2024.06.16-12.25.28:014][764]LogWindows: Error: === Critical error: ===
[2024.06.16-12.25.28:014][764]LogWindows: Error: 
[2024.06.16-12.25.28:014][764]LogWindows: Error: Fatal error: [File:D:/Build/++UE4/Sync/Engine/Source/Runtime/RenderCore/Private/RenderingThread.cpp] [Line: 853] 
[2024.06.16-12.25.28:014][764]LogWindows: Error: Rendering thread exception:
[2024.06.16-12.25.28:014][764]LogWindows: Error: Fatal error: [File:D:/Build/++UE4/Sync/Engine/Source/Runtime/Windows/D3D11RHI/Private/D3D11Util.cpp] [Line: 198] 
[2024.06.16-12.25.28:014][764]LogWindows: Error: Unreal Engine is exiting due to D3D device being lost. (Error: 0x887A0006 - 'HUNG')
[2024.06.16-12.25.28:014][764]LogWindows: Error: 
[2024.06.16-12.25.28:014][764]LogWindows: Error: 
[2024.06.16-12.25.28:014][764]LogWindows: Error: Unhandled Exception: 0x00008000
[2024.06.16-12.25.28:014][764]LogWindows: Error: 
[2024.06.16-12.25.28:014][764]LogWindows: Error: [Callstack] 0x00007ff90254543c KERNELBASE.dll!UnknownFunction []
[2024.06.16-12.25.28:014][764]LogWindows: Error: [Callstack] 0x00007ff86a7ac166 UE4Editor-Core.dll!UnknownFunction []
[2024.06.16-12.25.28:014][764]LogWindows: Error: [Callstack] 0x00007ff86a7adc51 UE4Editor-Core.dll!UnknownFunction []
[2024.06.16-12.25.28:014][764]LogWindows: Error: [Callstack] 0x00007ff86a562c7d UE4Editor-Core.dll!UnknownFunction []
[2024.06.16-12.25.28:014][764]LogWindows: Error: [Callstack] 0x00007ff85ac913e9 UE4Editor-D3D11RHI.dll!UnknownFunction []
[2024.06.16-12.25.28:014][764]LogWindows: Error: [Callstack] 0x00007ff85ac95bbf UE4Editor-D3D11RHI.dll!UnknownFunction []
[2024.06.16-12.25.28:014][764]LogWindows: Error: [Callstack] 0x00007ff85ac760e3 UE4Editor-D3D11RHI.dll!UnknownFunction []
[2024.06.16-12.25.28:014][764]LogWindows: Error: [Callstack] 0x00007ff85ac8462c UE4Editor-D3D11RHI.dll!UnknownFunction []
[2024.06.16-12.25.28:014][764]LogWindows: Error: [Callstack] 0x00007ff8d09441af UE4Editor-RHI.dll!UnknownFunction []
[2024.06.16-12.25.28:014][764]LogWindows: Error: [Callstack] 0x00007ff85d439632 UE4Editor-Renderer.dll!UnknownFunction []
[2024.06.16-12.25.28:014][764]LogWindows: Error: [Callstack] 0x00007ff86a339ff2 UE4Editor-Core.dll!UnknownFunction []
[2024.06.16-12.25.28:014][764]LogWindows: Error: [Callstack] 0x00007ff86a33a393 UE4Editor-Core.dll!UnknownFunction []
[2024.06.16-12.25.28:014][764]LogWindows: Error: [Callstack] 0x00007ff8d58a5391 UE4Editor-RenderCore.dll!UnknownFunction []
[2024.06.16-12.25.28:014][764]LogWindows: Error: [Callstack] 0x00007ff8d58ae254 UE4Editor-RenderCore.dll!UnknownFunction []
[2024.06.16-12.25.28:014][764]LogWindows: Error: [Callstack] 0x00007ff86a7b32ef UE4Editor-Core.dll!UnknownFunction []
[2024.06.16-12.25.28:014][764]LogWindows: Error: [Callstack] 0x00007ff86a7b2f94 UE4Editor-Core.dll!UnknownFunction []
[2024.06.16-12.25.28:014][764]LogWindows: Error: [Callstack] 0x00007ff90389257d KERNEL32.DLL!UnknownFunction []
[2024.06.16-12.25.28:014][764]LogWindows: Error: [Callstack] 0x00007ff90508aa48 ntdll.dll!UnknownFunction []
[2024.06.16-12.25.28:014][764]LogWindows: Error: 
[2024.06.16-12.25.28:014][764]LogWindows: Error: 
[2024.06.16-12.25.28:014][764]LogWindows: Error: 
[2024.06.16-12.25.28:014][764]LogWindows: Error: 
[2024.06.16-12.25.28:026][764]LogExit: Executing StaticShutdownAfterError
[2024.06.16-12.25.28:028][764]LogWindows: FPlatformMisc::RequestExit(1)
[2024.06.16-12.25.28:029][764]LogCore: Engine exit requested (reason: Win RequestExit)
[2024.06.16-12.25.28:032][764]Log file closed, 06/16/24 20:25:28
